CRITICAL - 2026-06-13 03:21:20 --> CodeIgniter\View\Exceptions\ViewException: Invalid file: "welcome_message.php"
[Method: GET, Route: /]
in SYSTEMPATH\Exceptions\FrameworkException.php on line 39.
 1 SYSTEMPATH\View\View.php(228): CodeIgniter\Exceptions\FrameworkException::forInvalidFile('welcome_message.php')
 2 SYSTEMPATH\Common.php(1254): CodeIgniter\View\View->render('welcome_message', [], true)
 3 APPPATH\Controllers\Home.php(9): view('welcome_message')
 4 SYSTEMPATH\CodeIgniter.php(974): App\Controllers\Home->index()
 5 SYSTEMPATH\CodeIgniter.php(520): CodeIgniter\CodeIgniter->runController(Object(App\Controllers\Home))
 6 SYSTEMPATH\CodeIgniter.php(363): CodeIgniter\CodeIgniter->handleRequest(null, Object(Config\Cache), false)
 7 SYSTEMPATH\Boot.php(417): CodeIgniter\CodeIgniter->run()
 8 SYSTEMPATH\Boot.php(68): CodeIgniter\Boot::runCodeIgniter(Object(CodeIgniter\CodeIgniter))
 9 FCPATH\index.php(59): CodeIgniter\Boot::bootWeb(Object(Config\Paths))
10 SYSTEMPATH\rewrite.php(44): require_once('C:\\xampp\\htdocs\\pos_system\\public\\index.php')
CRITICAL - 2026-06-13 10:53:54 --> ErrorException: Undefined variable $products
[Method: GET, Route: admin/products]
in APPPATH\Views\admin\products.php on line 17.
 1 APPPATH\Views\admin\products.php(17): CodeIgniter\Debug\Exceptions->errorHandler(2, 'Undefined variable $products', 'C:\\xampp\\htdocs\\pos_system\\app\\Views\\admin\\products.php', 17)
 2 SYSTEMPATH\View\View.php(240): include('C:\\xampp\\htdocs\\pos_system\\app\\Views\\admin\\products.php')
 3 SYSTEMPATH\View\View.php(243): CodeIgniter\View\View->CodeIgniter\View\{closure}()
 4 SYSTEMPATH\Common.php(1254): CodeIgniter\View\View->render('admin/products', [], true)
 5 APPPATH\Controllers\Products.php(9): view('admin/products')
 6 SYSTEMPATH\CodeIgniter.php(974): App\Controllers\Products->Product_page()
 7 SYSTEMPATH\CodeIgniter.php(520): CodeIgniter\CodeIgniter->runController(Object(App\Controllers\Products))
 8 SYSTEMPATH\CodeIgniter.php(363): CodeIgniter\CodeIgniter->handleRequest(null, Object(Config\Cache), false)
 9 SYSTEMPATH\Boot.php(417): CodeIgniter\CodeIgniter->run()
10 SYSTEMPATH\Boot.php(68): CodeIgniter\Boot::runCodeIgniter(Object(CodeIgniter\CodeIgniter))
11 FCPATH\index.php(59): CodeIgniter\Boot::bootWeb(Object(Config\Paths))
12 SYSTEMPATH\rewrite.php(44): require_once('C:\\xampp\\htdocs\\pos_system\\public\\index.php')
CRITICAL - 2026-06-13 10:54:59 --> ErrorException: Undefined variable $products
[Method: GET, Route: admin/products]
in APPPATH\Views\admin\products.php on line 17.
 1 APPPATH\Views\admin\products.php(17): CodeIgniter\Debug\Exceptions->errorHandler(2, 'Undefined variable $products', 'C:\\xampp\\htdocs\\pos_system\\app\\Views\\admin\\products.php', 17)
 2 SYSTEMPATH\View\View.php(240): include('C:\\xampp\\htdocs\\pos_system\\app\\Views\\admin\\products.php')
 3 SYSTEMPATH\View\View.php(243): CodeIgniter\View\View->CodeIgniter\View\{closure}()
 4 SYSTEMPATH\Common.php(1254): CodeIgniter\View\View->render('admin/products', [], true)
 5 APPPATH\Controllers\Products.php(9): view('admin/products')
 6 SYSTEMPATH\CodeIgniter.php(974): App\Controllers\Products->Product_page()
 7 SYSTEMPATH\CodeIgniter.php(520): CodeIgniter\CodeIgniter->runController(Object(App\Controllers\Products))
 8 SYSTEMPATH\CodeIgniter.php(363): CodeIgniter\CodeIgniter->handleRequest(null, Object(Config\Cache), false)
 9 SYSTEMPATH\Boot.php(417): CodeIgniter\CodeIgniter->run()
10 SYSTEMPATH\Boot.php(68): CodeIgniter\Boot::runCodeIgniter(Object(CodeIgniter\CodeIgniter))
11 FCPATH\index.php(59): CodeIgniter\Boot::bootWeb(Object(Config\Paths))
12 SYSTEMPATH\rewrite.php(44): require_once('C:\\xampp\\htdocs\\pos_system\\public\\index.php')
CRITICAL - 2026-06-13 10:57:01 --> ErrorException: Undefined variable $products
[Method: GET, Route: admin/products]
in APPPATH\Views\admin\products.php on line 17.
 1 APPPATH\Views\admin\products.php(17): CodeIgniter\Debug\Exceptions->errorHandler(2, 'Undefined variable $products', 'C:\\xampp\\htdocs\\pos_system\\app\\Views\\admin\\products.php', 17)
 2 SYSTEMPATH\View\View.php(240): include('C:\\xampp\\htdocs\\pos_system\\app\\Views\\admin\\products.php')
 3 SYSTEMPATH\View\View.php(243): CodeIgniter\View\View->CodeIgniter\View\{closure}()
 4 SYSTEMPATH\Common.php(1254): CodeIgniter\View\View->render('admin/products', [], true)
 5 APPPATH\Controllers\Products.php(9): view('admin/products')
 6 SYSTEMPATH\CodeIgniter.php(974): App\Controllers\Products->Product_page()
 7 SYSTEMPATH\CodeIgniter.php(520): CodeIgniter\CodeIgniter->runController(Object(App\Controllers\Products))
 8 SYSTEMPATH\CodeIgniter.php(363): CodeIgniter\CodeIgniter->handleRequest(null, Object(Config\Cache), false)
 9 SYSTEMPATH\Boot.php(417): CodeIgniter\CodeIgniter->run()
10 SYSTEMPATH\Boot.php(68): CodeIgniter\Boot::runCodeIgniter(Object(CodeIgniter\CodeIgniter))
11 FCPATH\index.php(59): CodeIgniter\Boot::bootWeb(Object(Config\Paths))
12 SYSTEMPATH\rewrite.php(44): require_once('C:\\xampp\\htdocs\\pos_system\\public\\index.php')
CRITICAL - 2026-06-13 10:57:19 --> ErrorException: Undefined variable $products
[Method: GET, Route: admin/products]
in APPPATH\Views\admin\products.php on line 17.
 1 APPPATH\Views\admin\products.php(17): CodeIgniter\Debug\Exceptions->errorHandler(2, 'Undefined variable $products', 'C:\\xampp\\htdocs\\pos_system\\app\\Views\\admin\\products.php', 17)
 2 SYSTEMPATH\View\View.php(240): include('C:\\xampp\\htdocs\\pos_system\\app\\Views\\admin\\products.php')
 3 SYSTEMPATH\View\View.php(243): CodeIgniter\View\View->CodeIgniter\View\{closure}()
 4 SYSTEMPATH\Common.php(1254): CodeIgniter\View\View->render('admin/products', [], true)
 5 APPPATH\Controllers\Products.php(9): view('admin/products')
 6 SYSTEMPATH\CodeIgniter.php(974): App\Controllers\Products->Product_page()
 7 SYSTEMPATH\CodeIgniter.php(520): CodeIgniter\CodeIgniter->runController(Object(App\Controllers\Products))
 8 SYSTEMPATH\CodeIgniter.php(363): CodeIgniter\CodeIgniter->handleRequest(null, Object(Config\Cache), false)
 9 SYSTEMPATH\Boot.php(417): CodeIgniter\CodeIgniter->run()
10 SYSTEMPATH\Boot.php(68): CodeIgniter\Boot::runCodeIgniter(Object(CodeIgniter\CodeIgniter))
11 FCPATH\index.php(59): CodeIgniter\Boot::bootWeb(Object(Config\Paths))
12 SYSTEMPATH\rewrite.php(44): require_once('C:\\xampp\\htdocs\\pos_system\\public\\index.php')
CRITICAL - 2026-06-13 10:57:56 --> ErrorException: Undefined variable $products
[Method: GET, Route: admin/products]
in APPPATH\Views\admin\products.php on line 17.
 1 APPPATH\Views\admin\products.php(17): CodeIgniter\Debug\Exceptions->errorHandler(2, 'Undefined variable $products', 'C:\\xampp\\htdocs\\pos_system\\app\\Views\\admin\\products.php', 17)
 2 SYSTEMPATH\View\View.php(240): include('C:\\xampp\\htdocs\\pos_system\\app\\Views\\admin\\products.php')
 3 SYSTEMPATH\View\View.php(243): CodeIgniter\View\View->CodeIgniter\View\{closure}()
 4 SYSTEMPATH\Common.php(1254): CodeIgniter\View\View->render('admin/products', [], true)
 5 APPPATH\Controllers\Products.php(9): view('admin/products')
 6 SYSTEMPATH\CodeIgniter.php(974): App\Controllers\Products->Product_page()
 7 SYSTEMPATH\CodeIgniter.php(520): CodeIgniter\CodeIgniter->runController(Object(App\Controllers\Products))
 8 SYSTEMPATH\CodeIgniter.php(363): CodeIgniter\CodeIgniter->handleRequest(null, Object(Config\Cache), false)
 9 SYSTEMPATH\Boot.php(417): CodeIgniter\CodeIgniter->run()
10 SYSTEMPATH\Boot.php(68): CodeIgniter\Boot::runCodeIgniter(Object(CodeIgniter\CodeIgniter))
11 FCPATH\index.php(59): CodeIgniter\Boot::bootWeb(Object(Config\Paths))
12 SYSTEMPATH\rewrite.php(44): require_once('C:\\xampp\\htdocs\\pos_system\\public\\index.php')
CRITICAL - 2026-06-13 10:58:08 --> ErrorException: Undefined variable $products
[Method: GET, Route: admin/products]
in APPPATH\Views\admin\products.php on line 17.
 1 APPPATH\Views\admin\products.php(17): CodeIgniter\Debug\Exceptions->errorHandler(2, 'Undefined variable $products', 'C:\\xampp\\htdocs\\pos_system\\app\\Views\\admin\\products.php', 17)
 2 SYSTEMPATH\View\View.php(240): include('C:\\xampp\\htdocs\\pos_system\\app\\Views\\admin\\products.php')
 3 SYSTEMPATH\View\View.php(243): CodeIgniter\View\View->CodeIgniter\View\{closure}()
 4 SYSTEMPATH\Common.php(1254): CodeIgniter\View\View->render('admin/products', [], true)
 5 APPPATH\Controllers\Products.php(9): view('admin/products')
 6 SYSTEMPATH\CodeIgniter.php(974): App\Controllers\Products->Product_page()
 7 SYSTEMPATH\CodeIgniter.php(520): CodeIgniter\CodeIgniter->runController(Object(App\Controllers\Products))
 8 SYSTEMPATH\CodeIgniter.php(363): CodeIgniter\CodeIgniter->handleRequest(null, Object(Config\Cache), false)
 9 SYSTEMPATH\Boot.php(417): CodeIgniter\CodeIgniter->run()
10 SYSTEMPATH\Boot.php(68): CodeIgniter\Boot::runCodeIgniter(Object(CodeIgniter\CodeIgniter))
11 FCPATH\index.php(59): CodeIgniter\Boot::bootWeb(Object(Config\Paths))
12 SYSTEMPATH\rewrite.php(44): require_once('C:\\xampp\\htdocs\\pos_system\\public\\index.php')
CRITICAL - 2026-06-13 10:58:50 --> ErrorException: Undefined variable $products
[Method: GET, Route: admin/products]
in APPPATH\Views\admin\products.php on line 17.
 1 APPPATH\Views\admin\products.php(17): CodeIgniter\Debug\Exceptions->errorHandler(2, 'Undefined variable $products', 'C:\\xampp\\htdocs\\pos_system\\app\\Views\\admin\\products.php', 17)
 2 SYSTEMPATH\View\View.php(240): include('C:\\xampp\\htdocs\\pos_system\\app\\Views\\admin\\products.php')
 3 SYSTEMPATH\View\View.php(243): CodeIgniter\View\View->CodeIgniter\View\{closure}()
 4 SYSTEMPATH\Common.php(1254): CodeIgniter\View\View->render('admin/products', [], true)
 5 APPPATH\Controllers\Products.php(9): view('admin/products')
 6 SYSTEMPATH\CodeIgniter.php(974): App\Controllers\Products->Product_page()
 7 SYSTEMPATH\CodeIgniter.php(520): CodeIgniter\CodeIgniter->runController(Object(App\Controllers\Products))
 8 SYSTEMPATH\CodeIgniter.php(363): CodeIgniter\CodeIgniter->handleRequest(null, Object(Config\Cache), false)
 9 SYSTEMPATH\Boot.php(417): CodeIgniter\CodeIgniter->run()
10 SYSTEMPATH\Boot.php(68): CodeIgniter\Boot::runCodeIgniter(Object(CodeIgniter\CodeIgniter))
11 FCPATH\index.php(59): CodeIgniter\Boot::bootWeb(Object(Config\Paths))
12 SYSTEMPATH\rewrite.php(44): require_once('C:\\xampp\\htdocs\\pos_system\\public\\index.php')
CRITICAL - 2026-06-13 10:59:41 --> ErrorException: Undefined variable $products
[Method: GET, Route: admin/products]
in APPPATH\Views\admin\products.php on line 17.
 1 APPPATH\Views\admin\products.php(17): CodeIgniter\Debug\Exceptions->errorHandler(2, 'Undefined variable $products', 'C:\\xampp\\htdocs\\pos_system\\app\\Views\\admin\\products.php', 17)
 2 SYSTEMPATH\View\View.php(240): include('C:\\xampp\\htdocs\\pos_system\\app\\Views\\admin\\products.php')
 3 SYSTEMPATH\View\View.php(243): CodeIgniter\View\View->CodeIgniter\View\{closure}()
 4 SYSTEMPATH\Common.php(1254): CodeIgniter\View\View->render('admin/products', [], true)
 5 APPPATH\Controllers\Products.php(9): view('admin/products')
 6 SYSTEMPATH\CodeIgniter.php(974): App\Controllers\Products->Product_page()
 7 SYSTEMPATH\CodeIgniter.php(520): CodeIgniter\CodeIgniter->runController(Object(App\Controllers\Products))
 8 SYSTEMPATH\CodeIgniter.php(363): CodeIgniter\CodeIgniter->handleRequest(null, Object(Config\Cache), false)
 9 SYSTEMPATH\Boot.php(417): CodeIgniter\CodeIgniter->run()
10 SYSTEMPATH\Boot.php(68): CodeIgniter\Boot::runCodeIgniter(Object(CodeIgniter\CodeIgniter))
11 FCPATH\index.php(59): CodeIgniter\Boot::bootWeb(Object(Config\Paths))
12 SYSTEMPATH\rewrite.php(44): require_once('C:\\xampp\\htdocs\\pos_system\\public\\index.php')
CRITICAL - 2026-06-13 11:01:46 --> ErrorException: Undefined variable $products
[Method: GET, Route: admin/products]
in APPPATH\Views\admin\products.php on line 17.
 1 APPPATH\Views\admin\products.php(17): CodeIgniter\Debug\Exceptions->errorHandler(2, 'Undefined variable $products', 'C:\\xampp\\htdocs\\pos_system\\app\\Views\\admin\\products.php', 17)
 2 SYSTEMPATH\View\View.php(240): include('C:\\xampp\\htdocs\\pos_system\\app\\Views\\admin\\products.php')
 3 SYSTEMPATH\View\View.php(243): CodeIgniter\View\View->CodeIgniter\View\{closure}()
 4 SYSTEMPATH\Common.php(1254): CodeIgniter\View\View->render('admin/products', [], true)
 5 APPPATH\Controllers\Products.php(9): view('admin/products')
 6 SYSTEMPATH\CodeIgniter.php(974): App\Controllers\Products->Product_page()
 7 SYSTEMPATH\CodeIgniter.php(520): CodeIgniter\CodeIgniter->runController(Object(App\Controllers\Products))
 8 SYSTEMPATH\CodeIgniter.php(363): CodeIgniter\CodeIgniter->handleRequest(null, Object(Config\Cache), false)
 9 SYSTEMPATH\Boot.php(417): CodeIgniter\CodeIgniter->run()
10 SYSTEMPATH\Boot.php(68): CodeIgniter\Boot::runCodeIgniter(Object(CodeIgniter\CodeIgniter))
11 FCPATH\index.php(59): CodeIgniter\Boot::bootWeb(Object(Config\Paths))
12 SYSTEMPATH\rewrite.php(44): require_once('C:\\xampp\\htdocs\\pos_system\\public\\index.php')
CRITICAL - 2026-06-13 11:02:02 --> ErrorException: Undefined variable $products
[Method: GET, Route: admin/products]
in APPPATH\Views\admin\products.php on line 17.
 1 APPPATH\Views\admin\products.php(17): CodeIgniter\Debug\Exceptions->errorHandler(2, 'Undefined variable $products', 'C:\\xampp\\htdocs\\pos_system\\app\\Views\\admin\\products.php', 17)
 2 SYSTEMPATH\View\View.php(240): include('C:\\xampp\\htdocs\\pos_system\\app\\Views\\admin\\products.php')
 3 SYSTEMPATH\View\View.php(243): CodeIgniter\View\View->CodeIgniter\View\{closure}()
 4 SYSTEMPATH\Common.php(1254): CodeIgniter\View\View->render('admin/products', [], true)
 5 APPPATH\Controllers\Products.php(9): view('admin/products')
 6 SYSTEMPATH\CodeIgniter.php(974): App\Controllers\Products->Product_page()
 7 SYSTEMPATH\CodeIgniter.php(520): CodeIgniter\CodeIgniter->runController(Object(App\Controllers\Products))
 8 SYSTEMPATH\CodeIgniter.php(363): CodeIgniter\CodeIgniter->handleRequest(null, Object(Config\Cache), false)
 9 SYSTEMPATH\Boot.php(417): CodeIgniter\CodeIgniter->run()
10 SYSTEMPATH\Boot.php(68): CodeIgniter\Boot::runCodeIgniter(Object(CodeIgniter\CodeIgniter))
11 FCPATH\index.php(59): CodeIgniter\Boot::bootWeb(Object(Config\Paths))
12 SYSTEMPATH\rewrite.php(44): require_once('C:\\xampp\\htdocs\\pos_system\\public\\index.php')
CRITICAL - 2026-06-13 11:02:52 --> ParseError: syntax error, unexpected token ";", expecting identifier or variable or "{" or "$"
[Method: GET, Route: admin/products]
in APPPATH\Controllers\Products.php on line 16.
 1 SYSTEMPATH\Autoloader\Autoloader.php(320): CodeIgniter\Autoloader\Autoloader->includeFile('C:\\xampp\\htdocs\\pos_system\\app\\Controllers\\Products.php')
 2 SYSTEMPATH\Autoloader\Autoloader.php(296): CodeIgniter\Autoloader\Autoloader->loadInNamespace('App\\Controllers\\Products')
 3 [internal function]: CodeIgniter\Autoloader\Autoloader->loadClass('App\\Controllers\\Products')
 4 SYSTEMPATH\Router\Router.php(790): class_exists('\\App\\Controllers\\Products')
 5 SYSTEMPATH\Router\Router.php(228): CodeIgniter\Router\Router->processRouteAttributes()
 6 SYSTEMPATH\CodeIgniter.php(852): CodeIgniter\Router\Router->handle('admin/products')
 7 SYSTEMPATH\CodeIgniter.php(464): CodeIgniter\CodeIgniter->tryToRouteIt(Object(CodeIgniter\Router\RouteCollection))
 8 SYSTEMPATH\CodeIgniter.php(363): CodeIgniter\CodeIgniter->handleRequest(null, Object(Config\Cache), false)
 9 SYSTEMPATH\Boot.php(417): CodeIgniter\CodeIgniter->run()
10 SYSTEMPATH\Boot.php(68): CodeIgniter\Boot::runCodeIgniter(Object(CodeIgniter\CodeIgniter))
11 FCPATH\index.php(59): CodeIgniter\Boot::bootWeb(Object(Config\Paths))
12 SYSTEMPATH\rewrite.php(44): require_once('C:\\xampp\\htdocs\\pos_system\\public\\index.php')
CRITICAL - 2026-06-13 11:03:17 --> ParseError: syntax error, unexpected token ";", expecting identifier or variable or "{" or "$"
[Method: GET, Route: admin/products]
in APPPATH\Controllers\Products.php on line 16.
 1 SYSTEMPATH\Autoloader\Autoloader.php(320): CodeIgniter\Autoloader\Autoloader->includeFile('C:\\xampp\\htdocs\\pos_system\\app\\Controllers\\Products.php')
 2 SYSTEMPATH\Autoloader\Autoloader.php(296): CodeIgniter\Autoloader\Autoloader->loadInNamespace('App\\Controllers\\Products')
 3 [internal function]: CodeIgniter\Autoloader\Autoloader->loadClass('App\\Controllers\\Products')
 4 SYSTEMPATH\Router\Router.php(790): class_exists('\\App\\Controllers\\Products')
 5 SYSTEMPATH\Router\Router.php(228): CodeIgniter\Router\Router->processRouteAttributes()
 6 SYSTEMPATH\CodeIgniter.php(852): CodeIgniter\Router\Router->handle('admin/products')
 7 SYSTEMPATH\CodeIgniter.php(464): CodeIgniter\CodeIgniter->tryToRouteIt(Object(CodeIgniter\Router\RouteCollection))
 8 SYSTEMPATH\CodeIgniter.php(363): CodeIgniter\CodeIgniter->handleRequest(null, Object(Config\Cache), false)
 9 SYSTEMPATH\Boot.php(417): CodeIgniter\CodeIgniter->run()
10 SYSTEMPATH\Boot.php(68): CodeIgniter\Boot::runCodeIgniter(Object(CodeIgniter\CodeIgniter))
11 FCPATH\index.php(59): CodeIgniter\Boot::bootWeb(Object(Config\Paths))
12 SYSTEMPATH\rewrite.php(44): require_once('C:\\xampp\\htdocs\\pos_system\\public\\index.php')
CRITICAL - 2026-06-13 11:03:26 --> Error: Class "App\model\ProductModel\BaseController" not found
[Method: GET, Route: admin/products]
in APPPATH\Controllers\Products.php on line 5.
 1 SYSTEMPATH\Autoloader\Autoloader.php(340): include_once()
 2 SYSTEMPATH\Autoloader\Autoloader.php(320): CodeIgniter\Autoloader\Autoloader->includeFile('C:\\xampp\\htdocs\\pos_system\\app\\Controllers\\Products.php')
 3 SYSTEMPATH\Autoloader\Autoloader.php(296): CodeIgniter\Autoloader\Autoloader->loadInNamespace('App\\Controllers\\Products')
 4 [internal function]: CodeIgniter\Autoloader\Autoloader->loadClass('App\\Controllers\\Products')
 5 SYSTEMPATH\Router\Router.php(790): class_exists('\\App\\Controllers\\Products')
 6 SYSTEMPATH\Router\Router.php(228): CodeIgniter\Router\Router->processRouteAttributes()
 7 SYSTEMPATH\CodeIgniter.php(852): CodeIgniter\Router\Router->handle('admin/products')
 8 SYSTEMPATH\CodeIgniter.php(464): CodeIgniter\CodeIgniter->tryToRouteIt(Object(CodeIgniter\Router\RouteCollection))
 9 SYSTEMPATH\CodeIgniter.php(363): CodeIgniter\CodeIgniter->handleRequest(null, Object(Config\Cache), false)
10 SYSTEMPATH\Boot.php(417): CodeIgniter\CodeIgniter->run()
11 SYSTEMPATH\Boot.php(68): CodeIgniter\Boot::runCodeIgniter(Object(CodeIgniter\CodeIgniter))
12 FCPATH\index.php(59): CodeIgniter\Boot::bootWeb(Object(Config\Paths))
13 SYSTEMPATH\rewrite.php(44): require_once('C:\\xampp\\htdocs\\pos_system\\public\\index.php')
CRITICAL - 2026-06-13 11:03:43 --> ErrorException: Undefined variable $products
[Method: GET, Route: admin/products]
in APPPATH\Views\admin\products.php on line 17.
 1 APPPATH\Views\admin\products.php(17): CodeIgniter\Debug\Exceptions->errorHandler(2, 'Undefined variable $products', 'C:\\xampp\\htdocs\\pos_system\\app\\Views\\admin\\products.php', 17)
 2 SYSTEMPATH\View\View.php(240): include('C:\\xampp\\htdocs\\pos_system\\app\\Views\\admin\\products.php')
 3 SYSTEMPATH\View\View.php(243): CodeIgniter\View\View->CodeIgniter\View\{closure}()
 4 SYSTEMPATH\Common.php(1254): CodeIgniter\View\View->render('admin/products', [], true)
 5 APPPATH\Controllers\Products.php(9): view('admin/products')
 6 SYSTEMPATH\CodeIgniter.php(974): App\Controllers\Products->Product_page()
 7 SYSTEMPATH\CodeIgniter.php(520): CodeIgniter\CodeIgniter->runController(Object(App\Controllers\Products))
 8 SYSTEMPATH\CodeIgniter.php(363): CodeIgniter\CodeIgniter->handleRequest(null, Object(Config\Cache), false)
 9 SYSTEMPATH\Boot.php(417): CodeIgniter\CodeIgniter->run()
10 SYSTEMPATH\Boot.php(68): CodeIgniter\Boot::runCodeIgniter(Object(CodeIgniter\CodeIgniter))
11 FCPATH\index.php(59): CodeIgniter\Boot::bootWeb(Object(Config\Paths))
12 SYSTEMPATH\rewrite.php(44): require_once('C:\\xampp\\htdocs\\pos_system\\public\\index.php')
CRITICAL - 2026-06-13 11:04:01 --> ErrorException: Undefined variable $products
[Method: GET, Route: admin/products]
in APPPATH\Views\admin\products.php on line 17.
 1 APPPATH\Views\admin\products.php(17): CodeIgniter\Debug\Exceptions->errorHandler(2, 'Undefined variable $products', 'C:\\xampp\\htdocs\\pos_system\\app\\Views\\admin\\products.php', 17)
 2 SYSTEMPATH\View\View.php(240): include('C:\\xampp\\htdocs\\pos_system\\app\\Views\\admin\\products.php')
 3 SYSTEMPATH\View\View.php(243): CodeIgniter\View\View->CodeIgniter\View\{closure}()
 4 SYSTEMPATH\Common.php(1254): CodeIgniter\View\View->render('admin/products', [], true)
 5 APPPATH\Controllers\Products.php(9): view('admin/products')
 6 SYSTEMPATH\CodeIgniter.php(974): App\Controllers\Products->Product_page()
 7 SYSTEMPATH\CodeIgniter.php(520): CodeIgniter\CodeIgniter->runController(Object(App\Controllers\Products))
 8 SYSTEMPATH\CodeIgniter.php(363): CodeIgniter\CodeIgniter->handleRequest(null, Object(Config\Cache), false)
 9 SYSTEMPATH\Boot.php(417): CodeIgniter\CodeIgniter->run()
10 SYSTEMPATH\Boot.php(68): CodeIgniter\Boot::runCodeIgniter(Object(CodeIgniter\CodeIgniter))
11 FCPATH\index.php(59): CodeIgniter\Boot::bootWeb(Object(Config\Paths))
12 SYSTEMPATH\rewrite.php(44): require_once('C:\\xampp\\htdocs\\pos_system\\public\\index.php')
CRITICAL - 2026-06-13 11:04:10 --> ErrorException: Undefined variable $products
[Method: GET, Route: admin/products]
in APPPATH\Views\admin\products.php on line 17.
 1 APPPATH\Views\admin\products.php(17): CodeIgniter\Debug\Exceptions->errorHandler(2, 'Undefined variable $products', 'C:\\xampp\\htdocs\\pos_system\\app\\Views\\admin\\products.php', 17)
 2 SYSTEMPATH\View\View.php(240): include('C:\\xampp\\htdocs\\pos_system\\app\\Views\\admin\\products.php')
 3 SYSTEMPATH\View\View.php(243): CodeIgniter\View\View->CodeIgniter\View\{closure}()
 4 SYSTEMPATH\Common.php(1254): CodeIgniter\View\View->render('admin/products', [], true)
 5 APPPATH\Controllers\Products.php(9): view('admin/products')
 6 SYSTEMPATH\CodeIgniter.php(974): App\Controllers\Products->Product_page()
 7 SYSTEMPATH\CodeIgniter.php(520): CodeIgniter\CodeIgniter->runController(Object(App\Controllers\Products))
 8 SYSTEMPATH\CodeIgniter.php(363): CodeIgniter\CodeIgniter->handleRequest(null, Object(Config\Cache), false)
 9 SYSTEMPATH\Boot.php(417): CodeIgniter\CodeIgniter->run()
10 SYSTEMPATH\Boot.php(68): CodeIgniter\Boot::runCodeIgniter(Object(CodeIgniter\CodeIgniter))
11 FCPATH\index.php(59): CodeIgniter\Boot::bootWeb(Object(Config\Paths))
12 SYSTEMPATH\rewrite.php(44): require_once('C:\\xampp\\htdocs\\pos_system\\public\\index.php')
CRITICAL - 2026-06-13 11:04:32 --> ErrorException: Undefined variable $products
[Method: GET, Route: admin/products]
in APPPATH\Views\admin\products.php on line 17.
 1 APPPATH\Views\admin\products.php(17): CodeIgniter\Debug\Exceptions->errorHandler(2, 'Undefined variable $products', 'C:\\xampp\\htdocs\\pos_system\\app\\Views\\admin\\products.php', 17)
 2 SYSTEMPATH\View\View.php(240): include('C:\\xampp\\htdocs\\pos_system\\app\\Views\\admin\\products.php')
 3 SYSTEMPATH\View\View.php(243): CodeIgniter\View\View->CodeIgniter\View\{closure}()
 4 SYSTEMPATH\Common.php(1254): CodeIgniter\View\View->render('admin/products', [], true)
 5 APPPATH\Controllers\Products.php(9): view('admin/products')
 6 SYSTEMPATH\CodeIgniter.php(974): App\Controllers\Products->Product_page()
 7 SYSTEMPATH\CodeIgniter.php(520): CodeIgniter\CodeIgniter->runController(Object(App\Controllers\Products))
 8 SYSTEMPATH\CodeIgniter.php(363): CodeIgniter\CodeIgniter->handleRequest(null, Object(Config\Cache), false)
 9 SYSTEMPATH\Boot.php(417): CodeIgniter\CodeIgniter->run()
10 SYSTEMPATH\Boot.php(68): CodeIgniter\Boot::runCodeIgniter(Object(CodeIgniter\CodeIgniter))
11 FCPATH\index.php(59): CodeIgniter\Boot::bootWeb(Object(Config\Paths))
12 SYSTEMPATH\rewrite.php(44): require_once('C:\\xampp\\htdocs\\pos_system\\public\\index.php')
CRITICAL - 2026-06-13 11:05:00 --> ErrorException: Undefined variable $products
[Method: GET, Route: admin/products]
in APPPATH\Views\admin\products.php on line 17.
 1 APPPATH\Views\admin\products.php(17): CodeIgniter\Debug\Exceptions->errorHandler(2, 'Undefined variable $products', 'C:\\xampp\\htdocs\\pos_system\\app\\Views\\admin\\products.php', 17)
 2 SYSTEMPATH\View\View.php(240): include('C:\\xampp\\htdocs\\pos_system\\app\\Views\\admin\\products.php')
 3 SYSTEMPATH\View\View.php(243): CodeIgniter\View\View->CodeIgniter\View\{closure}()
 4 SYSTEMPATH\Common.php(1254): CodeIgniter\View\View->render('admin/products', [], true)
 5 APPPATH\Controllers\Products.php(9): view('admin/products')
 6 SYSTEMPATH\CodeIgniter.php(974): App\Controllers\Products->Product_page()
 7 SYSTEMPATH\CodeIgniter.php(520): CodeIgniter\CodeIgniter->runController(Object(App\Controllers\Products))
 8 SYSTEMPATH\CodeIgniter.php(363): CodeIgniter\CodeIgniter->handleRequest(null, Object(Config\Cache), false)
 9 SYSTEMPATH\Boot.php(417): CodeIgniter\CodeIgniter->run()
10 SYSTEMPATH\Boot.php(68): CodeIgniter\Boot::runCodeIgniter(Object(CodeIgniter\CodeIgniter))
11 FCPATH\index.php(59): CodeIgniter\Boot::bootWeb(Object(Config\Paths))
12 SYSTEMPATH\rewrite.php(44): require_once('C:\\xampp\\htdocs\\pos_system\\public\\index.php')
CRITICAL - 2026-06-13 11:05:21 --> ParseError: syntax error, unexpected token ";", expecting identifier or variable or "{" or "$"
[Method: GET, Route: admin/products]
in APPPATH\Controllers\Products.php on line 16.
 1 SYSTEMPATH\Autoloader\Autoloader.php(320): CodeIgniter\Autoloader\Autoloader->includeFile('C:\\xampp\\htdocs\\pos_system\\app\\Controllers\\Products.php')
 2 SYSTEMPATH\Autoloader\Autoloader.php(296): CodeIgniter\Autoloader\Autoloader->loadInNamespace('App\\Controllers\\Products')
 3 [internal function]: CodeIgniter\Autoloader\Autoloader->loadClass('App\\Controllers\\Products')
 4 SYSTEMPATH\Router\Router.php(790): class_exists('\\App\\Controllers\\Products')
 5 SYSTEMPATH\Router\Router.php(228): CodeIgniter\Router\Router->processRouteAttributes()
 6 SYSTEMPATH\CodeIgniter.php(852): CodeIgniter\Router\Router->handle('admin/products')
 7 SYSTEMPATH\CodeIgniter.php(464): CodeIgniter\CodeIgniter->tryToRouteIt(Object(CodeIgniter\Router\RouteCollection))
 8 SYSTEMPATH\CodeIgniter.php(363): CodeIgniter\CodeIgniter->handleRequest(null, Object(Config\Cache), false)
 9 SYSTEMPATH\Boot.php(417): CodeIgniter\CodeIgniter->run()
10 SYSTEMPATH\Boot.php(68): CodeIgniter\Boot::runCodeIgniter(Object(CodeIgniter\CodeIgniter))
11 FCPATH\index.php(59): CodeIgniter\Boot::bootWeb(Object(Config\Paths))
12 SYSTEMPATH\rewrite.php(44): require_once('C:\\xampp\\htdocs\\pos_system\\public\\index.php')
CRITICAL - 2026-06-13 11:05:48 --> ParseError: syntax error, unexpected token ";", expecting identifier or variable or "{" or "$"
[Method: GET, Route: admin/products]
in APPPATH\Controllers\Products.php on line 17.
 1 SYSTEMPATH\Autoloader\Autoloader.php(320): CodeIgniter\Autoloader\Autoloader->includeFile('C:\\xampp\\htdocs\\pos_system\\app\\Controllers\\Products.php')
 2 SYSTEMPATH\Autoloader\Autoloader.php(296): CodeIgniter\Autoloader\Autoloader->loadInNamespace('App\\Controllers\\Products')
 3 [internal function]: CodeIgniter\Autoloader\Autoloader->loadClass('App\\Controllers\\Products')
 4 SYSTEMPATH\Router\Router.php(790): class_exists('\\App\\Controllers\\Products')
 5 SYSTEMPATH\Router\Router.php(228): CodeIgniter\Router\Router->processRouteAttributes()
 6 SYSTEMPATH\CodeIgniter.php(852): CodeIgniter\Router\Router->handle('admin/products')
 7 SYSTEMPATH\CodeIgniter.php(464): CodeIgniter\CodeIgniter->tryToRouteIt(Object(CodeIgniter\Router\RouteCollection))
 8 SYSTEMPATH\CodeIgniter.php(363): CodeIgniter\CodeIgniter->handleRequest(null, Object(Config\Cache), false)
 9 SYSTEMPATH\Boot.php(417): CodeIgniter\CodeIgniter->run()
10 SYSTEMPATH\Boot.php(68): CodeIgniter\Boot::runCodeIgniter(Object(CodeIgniter\CodeIgniter))
11 FCPATH\index.php(59): CodeIgniter\Boot::bootWeb(Object(Config\Paths))
12 SYSTEMPATH\rewrite.php(44): require_once('C:\\xampp\\htdocs\\pos_system\\public\\index.php')
CRITICAL - 2026-06-13 11:06:11 --> ErrorException: Undefined variable $products
[Method: GET, Route: admin/products]
in APPPATH\Views\admin\products.php on line 17.
 1 APPPATH\Views\admin\products.php(17): CodeIgniter\Debug\Exceptions->errorHandler(2, 'Undefined variable $products', 'C:\\xampp\\htdocs\\pos_system\\app\\Views\\admin\\products.php', 17)
 2 SYSTEMPATH\View\View.php(240): include('C:\\xampp\\htdocs\\pos_system\\app\\Views\\admin\\products.php')
 3 SYSTEMPATH\View\View.php(243): CodeIgniter\View\View->CodeIgniter\View\{closure}()
 4 SYSTEMPATH\Common.php(1254): CodeIgniter\View\View->render('admin/products', [], true)
 5 APPPATH\Controllers\Products.php(10): view('admin/products')
 6 SYSTEMPATH\CodeIgniter.php(974): App\Controllers\Products->Product_page()
 7 SYSTEMPATH\CodeIgniter.php(520): CodeIgniter\CodeIgniter->runController(Object(App\Controllers\Products))
 8 SYSTEMPATH\CodeIgniter.php(363): CodeIgniter\CodeIgniter->handleRequest(null, Object(Config\Cache), false)
 9 SYSTEMPATH\Boot.php(417): CodeIgniter\CodeIgniter->run()
10 SYSTEMPATH\Boot.php(68): CodeIgniter\Boot::runCodeIgniter(Object(CodeIgniter\CodeIgniter))
11 FCPATH\index.php(59): CodeIgniter\Boot::bootWeb(Object(Config\Paths))
12 SYSTEMPATH\rewrite.php(44): require_once('C:\\xampp\\htdocs\\pos_system\\public\\index.php')
CRITICAL - 2026-06-13 11:10:22 --> ErrorException: Undefined variable $products
[Method: GET, Route: admin/products]
in APPPATH\Views\admin\products.php on line 17.
 1 APPPATH\Views\admin\products.php(17): CodeIgniter\Debug\Exceptions->errorHandler(2, 'Undefined variable $products', 'C:\\xampp\\htdocs\\pos_system\\app\\Views\\admin\\products.php', 17)
 2 SYSTEMPATH\View\View.php(240): include('C:\\xampp\\htdocs\\pos_system\\app\\Views\\admin\\products.php')
 3 SYSTEMPATH\View\View.php(243): CodeIgniter\View\View->CodeIgniter\View\{closure}()
 4 SYSTEMPATH\Common.php(1254): CodeIgniter\View\View->render('admin/products', [], true)
 5 APPPATH\Controllers\Products.php(10): view('admin/products')
 6 SYSTEMPATH\CodeIgniter.php(974): App\Controllers\Products->Product_page()
 7 SYSTEMPATH\CodeIgniter.php(520): CodeIgniter\CodeIgniter->runController(Object(App\Controllers\Products))
 8 SYSTEMPATH\CodeIgniter.php(363): CodeIgniter\CodeIgniter->handleRequest(null, Object(Config\Cache), false)
 9 SYSTEMPATH\Boot.php(417): CodeIgniter\CodeIgniter->run()
10 SYSTEMPATH\Boot.php(68): CodeIgniter\Boot::runCodeIgniter(Object(CodeIgniter\CodeIgniter))
11 FCPATH\index.php(59): CodeIgniter\Boot::bootWeb(Object(Config\Paths))
12 SYSTEMPATH\rewrite.php(44): require_once('C:\\xampp\\htdocs\\pos_system\\public\\index.php')
CRITICAL - 2026-06-13 11:10:48 --> ErrorException: Undefined variable $products
[Method: GET, Route: admin/products]
in APPPATH\Views\admin\products.php on line 17.
 1 APPPATH\Views\admin\products.php(17): CodeIgniter\Debug\Exceptions->errorHandler(2, 'Undefined variable $products', 'C:\\xampp\\htdocs\\pos_system\\app\\Views\\admin\\products.php', 17)
 2 SYSTEMPATH\View\View.php(240): include('C:\\xampp\\htdocs\\pos_system\\app\\Views\\admin\\products.php')
 3 SYSTEMPATH\View\View.php(243): CodeIgniter\View\View->CodeIgniter\View\{closure}()
 4 SYSTEMPATH\Common.php(1254): CodeIgniter\View\View->render('admin/products', [], true)
 5 APPPATH\Controllers\Products.php(10): view('admin/products')
 6 SYSTEMPATH\CodeIgniter.php(974): App\Controllers\Products->Product_page()
 7 SYSTEMPATH\CodeIgniter.php(520): CodeIgniter\CodeIgniter->runController(Object(App\Controllers\Products))
 8 SYSTEMPATH\CodeIgniter.php(363): CodeIgniter\CodeIgniter->handleRequest(null, Object(Config\Cache), false)
 9 SYSTEMPATH\Boot.php(417): CodeIgniter\CodeIgniter->run()
10 SYSTEMPATH\Boot.php(68): CodeIgniter\Boot::runCodeIgniter(Object(CodeIgniter\CodeIgniter))
11 FCPATH\index.php(59): CodeIgniter\Boot::bootWeb(Object(Config\Paths))
12 SYSTEMPATH\rewrite.php(44): require_once('C:\\xampp\\htdocs\\pos_system\\public\\index.php')
CRITICAL - 2026-06-13 11:10:51 --> ErrorException: Undefined variable $products
[Method: GET, Route: admin/products]
in APPPATH\Views\admin\products.php on line 17.
 1 APPPATH\Views\admin\products.php(17): CodeIgniter\Debug\Exceptions->errorHandler(2, 'Undefined variable $products', 'C:\\xampp\\htdocs\\pos_system\\app\\Views\\admin\\products.php', 17)
 2 SYSTEMPATH\View\View.php(240): include('C:\\xampp\\htdocs\\pos_system\\app\\Views\\admin\\products.php')
 3 SYSTEMPATH\View\View.php(243): CodeIgniter\View\View->CodeIgniter\View\{closure}()
 4 SYSTEMPATH\Common.php(1254): CodeIgniter\View\View->render('admin/products', [], true)
 5 APPPATH\Controllers\Products.php(10): view('admin/products')
 6 SYSTEMPATH\CodeIgniter.php(974): App\Controllers\Products->Product_page()
 7 SYSTEMPATH\CodeIgniter.php(520): CodeIgniter\CodeIgniter->runController(Object(App\Controllers\Products))
 8 SYSTEMPATH\CodeIgniter.php(363): CodeIgniter\CodeIgniter->handleRequest(null, Object(Config\Cache), false)
 9 SYSTEMPATH\Boot.php(417): CodeIgniter\CodeIgniter->run()
10 SYSTEMPATH\Boot.php(68): CodeIgniter\Boot::runCodeIgniter(Object(CodeIgniter\CodeIgniter))
11 FCPATH\index.php(59): CodeIgniter\Boot::bootWeb(Object(Config\Paths))
12 SYSTEMPATH\rewrite.php(44): require_once('C:\\xampp\\htdocs\\pos_system\\public\\index.php')
CRITICAL - 2026-06-13 11:12:05 --> ErrorException: Undefined variable $products
[Method: GET, Route: admin/products]
in APPPATH\Views\admin\products.php on line 17.
 1 APPPATH\Views\admin\products.php(17): CodeIgniter\Debug\Exceptions->errorHandler(2, 'Undefined variable $products', 'C:\\xampp\\htdocs\\pos_system\\app\\Views\\admin\\products.php', 17)
 2 SYSTEMPATH\View\View.php(240): include('C:\\xampp\\htdocs\\pos_system\\app\\Views\\admin\\products.php')
 3 SYSTEMPATH\View\View.php(243): CodeIgniter\View\View->CodeIgniter\View\{closure}()
 4 SYSTEMPATH\Common.php(1254): CodeIgniter\View\View->render('admin/products', [], true)
 5 APPPATH\Controllers\Products.php(10): view('admin/products')
 6 SYSTEMPATH\CodeIgniter.php(974): App\Controllers\Products->Product_page()
 7 SYSTEMPATH\CodeIgniter.php(520): CodeIgniter\CodeIgniter->runController(Object(App\Controllers\Products))
 8 SYSTEMPATH\CodeIgniter.php(363): CodeIgniter\CodeIgniter->handleRequest(null, Object(Config\Cache), false)
 9 SYSTEMPATH\Boot.php(417): CodeIgniter\CodeIgniter->run()
10 SYSTEMPATH\Boot.php(68): CodeIgniter\Boot::runCodeIgniter(Object(CodeIgniter\CodeIgniter))
11 FCPATH\index.php(59): CodeIgniter\Boot::bootWeb(Object(Config\Paths))
12 SYSTEMPATH\rewrite.php(44): require_once('C:\\xampp\\htdocs\\pos_system\\public\\index.php')
CRITICAL - 2026-06-13 11:13:08 --> ErrorException: Undefined variable $products
[Method: GET, Route: admin/products]
in APPPATH\Views\admin\products.php on line 17.
 1 APPPATH\Views\admin\products.php(17): CodeIgniter\Debug\Exceptions->errorHandler(2, 'Undefined variable $products', 'C:\\xampp\\htdocs\\pos_system\\app\\Views\\admin\\products.php', 17)
 2 SYSTEMPATH\View\View.php(240): include('C:\\xampp\\htdocs\\pos_system\\app\\Views\\admin\\products.php')
 3 SYSTEMPATH\View\View.php(243): CodeIgniter\View\View->CodeIgniter\View\{closure}()
 4 SYSTEMPATH\Common.php(1254): CodeIgniter\View\View->render('admin/products', [], true)
 5 APPPATH\Controllers\Products.php(10): view('admin/products')
 6 SYSTEMPATH\CodeIgniter.php(974): App\Controllers\Products->Product_page()
 7 SYSTEMPATH\CodeIgniter.php(520): CodeIgniter\CodeIgniter->runController(Object(App\Controllers\Products))
 8 SYSTEMPATH\CodeIgniter.php(363): CodeIgniter\CodeIgniter->handleRequest(null, Object(Config\Cache), false)
 9 SYSTEMPATH\Boot.php(417): CodeIgniter\CodeIgniter->run()
10 SYSTEMPATH\Boot.php(68): CodeIgniter\Boot::runCodeIgniter(Object(CodeIgniter\CodeIgniter))
11 FCPATH\index.php(59): CodeIgniter\Boot::bootWeb(Object(Config\Paths))
12 SYSTEMPATH\rewrite.php(44): require_once('C:\\xampp\\htdocs\\pos_system\\public\\index.php')
CRITICAL - 2026-06-13 11:15:14 --> ErrorException: Undefined variable $products
[Method: GET, Route: admin/products]
in APPPATH\Views\admin\products.php on line 17.
 1 APPPATH\Views\admin\products.php(17): CodeIgniter\Debug\Exceptions->errorHandler(2, 'Undefined variable $products', 'C:\\xampp\\htdocs\\pos_system\\app\\Views\\admin\\products.php', 17)
 2 SYSTEMPATH\View\View.php(240): include('C:\\xampp\\htdocs\\pos_system\\app\\Views\\admin\\products.php')
 3 SYSTEMPATH\View\View.php(243): CodeIgniter\View\View->CodeIgniter\View\{closure}()
 4 SYSTEMPATH\Common.php(1254): CodeIgniter\View\View->render('admin/products', [], true)
 5 APPPATH\Controllers\Products.php(10): view('admin/products')
 6 SYSTEMPATH\CodeIgniter.php(974): App\Controllers\Products->Product_page()
 7 SYSTEMPATH\CodeIgniter.php(520): CodeIgniter\CodeIgniter->runController(Object(App\Controllers\Products))
 8 SYSTEMPATH\CodeIgniter.php(363): CodeIgniter\CodeIgniter->handleRequest(null, Object(Config\Cache), false)
 9 SYSTEMPATH\Boot.php(417): CodeIgniter\CodeIgniter->run()
10 SYSTEMPATH\Boot.php(68): CodeIgniter\Boot::runCodeIgniter(Object(CodeIgniter\CodeIgniter))
11 FCPATH\index.php(59): CodeIgniter\Boot::bootWeb(Object(Config\Paths))
12 SYSTEMPATH\rewrite.php(44): require_once('C:\\xampp\\htdocs\\pos_system\\public\\index.php')
CRITICAL - 2026-06-13 11:15:33 --> ErrorException: Undefined variable $products
[Method: GET, Route: admin/products]
in APPPATH\Views\admin\products.php on line 17.
 1 APPPATH\Views\admin\products.php(17): CodeIgniter\Debug\Exceptions->errorHandler(2, 'Undefined variable $products', 'C:\\xampp\\htdocs\\pos_system\\app\\Views\\admin\\products.php', 17)
 2 SYSTEMPATH\View\View.php(240): include('C:\\xampp\\htdocs\\pos_system\\app\\Views\\admin\\products.php')
 3 SYSTEMPATH\View\View.php(243): CodeIgniter\View\View->CodeIgniter\View\{closure}()
 4 SYSTEMPATH\Common.php(1254): CodeIgniter\View\View->render('admin/products', [], true)
 5 APPPATH\Controllers\Products.php(10): view('admin/products')
 6 SYSTEMPATH\CodeIgniter.php(974): App\Controllers\Products->Product_page()
 7 SYSTEMPATH\CodeIgniter.php(520): CodeIgniter\CodeIgniter->runController(Object(App\Controllers\Products))
 8 SYSTEMPATH\CodeIgniter.php(363): CodeIgniter\CodeIgniter->handleRequest(null, Object(Config\Cache), false)
 9 SYSTEMPATH\Boot.php(417): CodeIgniter\CodeIgniter->run()
10 SYSTEMPATH\Boot.php(68): CodeIgniter\Boot::runCodeIgniter(Object(CodeIgniter\CodeIgniter))
11 FCPATH\index.php(59): CodeIgniter\Boot::bootWeb(Object(Config\Paths))
12 SYSTEMPATH\rewrite.php(44): require_once('C:\\xampp\\htdocs\\pos_system\\public\\index.php')
CRITICAL - 2026-06-13 11:15:50 --> ErrorException: Undefined variable $products
[Method: GET, Route: admin/products]
in APPPATH\Views\admin\products.php on line 17.
 1 APPPATH\Views\admin\products.php(17): CodeIgniter\Debug\Exceptions->errorHandler(2, 'Undefined variable $products', 'C:\\xampp\\htdocs\\pos_system\\app\\Views\\admin\\products.php', 17)
 2 SYSTEMPATH\View\View.php(240): include('C:\\xampp\\htdocs\\pos_system\\app\\Views\\admin\\products.php')
 3 SYSTEMPATH\View\View.php(243): CodeIgniter\View\View->CodeIgniter\View\{closure}()
 4 SYSTEMPATH\Common.php(1254): CodeIgniter\View\View->render('admin/products', [], true)
 5 APPPATH\Controllers\Products.php(10): view('admin/products')
 6 SYSTEMPATH\CodeIgniter.php(974): App\Controllers\Products->Product_page()
 7 SYSTEMPATH\CodeIgniter.php(520): CodeIgniter\CodeIgniter->runController(Object(App\Controllers\Products))
 8 SYSTEMPATH\CodeIgniter.php(363): CodeIgniter\CodeIgniter->handleRequest(null, Object(Config\Cache), false)
 9 SYSTEMPATH\Boot.php(417): CodeIgniter\CodeIgniter->run()
10 SYSTEMPATH\Boot.php(68): CodeIgniter\Boot::runCodeIgniter(Object(CodeIgniter\CodeIgniter))
11 FCPATH\index.php(59): CodeIgniter\Boot::bootWeb(Object(Config\Paths))
12 SYSTEMPATH\rewrite.php(44): require_once('C:\\xampp\\htdocs\\pos_system\\public\\index.php')
CRITICAL - 2026-06-13 11:17:11 --> ErrorException: Undefined variable $products
[Method: GET, Route: admin/products]
in APPPATH\Views\admin\products.php on line 17.
 1 APPPATH\Views\admin\products.php(17): CodeIgniter\Debug\Exceptions->errorHandler(2, 'Undefined variable $products', 'C:\\xampp\\htdocs\\pos_system\\app\\Views\\admin\\products.php', 17)
 2 SYSTEMPATH\View\View.php(240): include('C:\\xampp\\htdocs\\pos_system\\app\\Views\\admin\\products.php')
 3 SYSTEMPATH\View\View.php(243): CodeIgniter\View\View->CodeIgniter\View\{closure}()
 4 SYSTEMPATH\Common.php(1254): CodeIgniter\View\View->render('admin/products', [], true)
 5 APPPATH\Controllers\Products.php(10): view('admin/products')
 6 SYSTEMPATH\CodeIgniter.php(974): App\Controllers\Products->Product_page()
 7 SYSTEMPATH\CodeIgniter.php(520): CodeIgniter\CodeIgniter->runController(Object(App\Controllers\Products))
 8 SYSTEMPATH\CodeIgniter.php(363): CodeIgniter\CodeIgniter->handleRequest(null, Object(Config\Cache), false)
 9 SYSTEMPATH\Boot.php(417): CodeIgniter\CodeIgniter->run()
10 SYSTEMPATH\Boot.php(68): CodeIgniter\Boot::runCodeIgniter(Object(CodeIgniter\CodeIgniter))
11 FCPATH\index.php(59): CodeIgniter\Boot::bootWeb(Object(Config\Paths))
12 SYSTEMPATH\rewrite.php(44): require_once('C:\\xampp\\htdocs\\pos_system\\public\\index.php')
CRITICAL - 2026-06-13 11:20:55 --> CodeIgniter\Exceptions\ConfigException: Invalid DBDriver name: "MySQL"
[Method: GET, Route: admin/products]
in SYSTEMPATH\Database\Database.php on line 176.
 1 SYSTEMPATH\Database\Database.php(59): CodeIgniter\Database\Database->checkDbExtension('MySQL')
 2 SYSTEMPATH\Database\Config.php(82): CodeIgniter\Database\Database->load([...], 'default')
 3 SYSTEMPATH\Model.php(152): CodeIgniter\Database\Config::connect('default')
 4 SYSTEMPATH\Config\Factories.php(236): CodeIgniter\Model->__construct(null)
 5 SYSTEMPATH\Config\Factories.php(170): CodeIgniter\Config\Factories::createInstance('models', 'App\\Models\\ProductModel', [...])
 6 SYSTEMPATH\Common.php(837): CodeIgniter\Config\Factories::__callStatic('models', [...])
 7 APPPATH\Controllers\Products.php(10): model('ProductModel')
 8 SYSTEMPATH\CodeIgniter.php(974): App\Controllers\Products->Product_page()
 9 SYSTEMPATH\CodeIgniter.php(520): CodeIgniter\CodeIgniter->runController(Object(App\Controllers\Products))
10 SYSTEMPATH\CodeIgniter.php(363): CodeIgniter\CodeIgniter->handleRequest(null, Object(Config\Cache), false)
11 SYSTEMPATH\Boot.php(417): CodeIgniter\CodeIgniter->run()
12 SYSTEMPATH\Boot.php(68): CodeIgniter\Boot::runCodeIgniter(Object(CodeIgniter\CodeIgniter))
13 FCPATH\index.php(59): CodeIgniter\Boot::bootWeb(Object(Config\Paths))
14 SYSTEMPATH\rewrite.php(44): require_once('C:\\xampp\\htdocs\\pos_system\\public\\index.php')
CRITICAL - 2026-06-13 11:28:01 --> Error: Call to undefined method CodeIgniter\Database\MySQLi\Builder::findAll()
[Method: GET, Route: admin/products]
in APPPATH\Models\ProductModel.php on line 53.
 1 APPPATH\Controllers\Products.php(12): App\Models\ProductModel->getProducts()
 2 SYSTEMPATH\CodeIgniter.php(974): App\Controllers\Products->Product_page()
 3 SYSTEMPATH\CodeIgniter.php(520): CodeIgniter\CodeIgniter->runController(Object(App\Controllers\Products))
 4 SYSTEMPATH\CodeIgniter.php(363): CodeIgniter\CodeIgniter->handleRequest(null, Object(Config\Cache), false)
 5 SYSTEMPATH\Boot.php(417): CodeIgniter\CodeIgniter->run()
 6 SYSTEMPATH\Boot.php(68): CodeIgniter\Boot::runCodeIgniter(Object(CodeIgniter\CodeIgniter))
 7 FCPATH\index.php(59): CodeIgniter\Boot::bootWeb(Object(Config\Paths))
 8 SYSTEMPATH\rewrite.php(44): require_once('C:\\xampp\\htdocs\\pos_system\\public\\index.php')
CRITICAL - 2026-06-13 11:30:15 --> Error: Call to undefined method CodeIgniter\Database\MySQLi\Builder::findAll()
[Method: GET, Route: admin/products]
in APPPATH\Models\ProductModel.php on line 54.
 1 APPPATH\Controllers\Products.php(12): App\Models\ProductModel->getProducts()
 2 SYSTEMPATH\CodeIgniter.php(974): App\Controllers\Products->Product_page()
 3 SYSTEMPATH\CodeIgniter.php(520): CodeIgniter\CodeIgniter->runController(Object(App\Controllers\Products))
 4 SYSTEMPATH\CodeIgniter.php(363): CodeIgniter\CodeIgniter->handleRequest(null, Object(Config\Cache), false)
 5 SYSTEMPATH\Boot.php(417): CodeIgniter\CodeIgniter->run()
 6 SYSTEMPATH\Boot.php(68): CodeIgniter\Boot::runCodeIgniter(Object(CodeIgniter\CodeIgniter))
 7 FCPATH\index.php(59): CodeIgniter\Boot::bootWeb(Object(Config\Paths))
 8 SYSTEMPATH\rewrite.php(44): require_once('C:\\xampp\\htdocs\\pos_system\\public\\index.php')
ERROR - 2026-06-13 11:30:37 --> Unknown column 'tbl_product.category_id' in 'on clause'
in SYSTEMPATH\Database\MySQLi\Connection.php on line 300.
 1 SYSTEMPATH\Database\MySQLi\Connection.php(300): mysqli->query('SELECT *
FROM `tbl_products`
LEFT JOIN `tbl_category` ON `tbl_product`.`category_id` = `tbl_category`.`category_id`', 0)
 2 SYSTEMPATH\Database\BaseConnection.php(908): CodeIgniter\Database\MySQLi\Connection->execute('SELECT *
FROM `tbl_products`
LEFT JOIN `tbl_category` ON `tbl_product`.`category_id` = `tbl_category`.`category_id`')
 3 SYSTEMPATH\Database\BaseConnection.php(825): CodeIgniter\Database\BaseConnection->simpleQuery('SELECT *
FROM `tbl_products`
LEFT JOIN `tbl_category` ON `tbl_product`.`category_id` = `tbl_category`.`category_id`')
 4 SYSTEMPATH\Database\BaseBuilder.php(1647): CodeIgniter\Database\BaseConnection->query('SELECT *
FROM `tbl_products`
LEFT JOIN `tbl_category` ON `tbl_product`.`category_id` = `tbl_category`.`category_id`', [], false)
 5 APPPATH\Models\ProductModel.php(54): CodeIgniter\Database\BaseBuilder->get()
 6 APPPATH\Controllers\Products.php(12): App\Models\ProductModel->getProducts()
 7 SYSTEMPATH\CodeIgniter.php(974): App\Controllers\Products->Product_page()
 8 SYSTEMPATH\CodeIgniter.php(520): CodeIgniter\CodeIgniter->runController(Object(App\Controllers\Products))
 9 SYSTEMPATH\CodeIgniter.php(363): CodeIgniter\CodeIgniter->handleRequest(null, Object(Config\Cache), false)
10 SYSTEMPATH\Boot.php(417): CodeIgniter\CodeIgniter->run()
11 SYSTEMPATH\Boot.php(68): CodeIgniter\Boot::runCodeIgniter(Object(CodeIgniter\CodeIgniter))
12 FCPATH\index.php(59): CodeIgniter\Boot::bootWeb(Object(Config\Paths))
13 SYSTEMPATH\rewrite.php(44): require_once('C:\\xampp\\htdocs\\pos_system\\public\\index.php')
CRITICAL - 2026-06-13 11:30:37 --> CodeIgniter\Database\Exceptions\DatabaseException: Unknown column 'tbl_product.category_id' in 'on clause'
[Method: GET, Route: admin/products]
in SYSTEMPATH\Database\BaseConnection.php on line 863.
 1 SYSTEMPATH\Database\BaseBuilder.php(1647): CodeIgniter\Database\BaseConnection->query('SELECT *
FROM `tbl_products`
LEFT JOIN `tbl_category` ON `tbl_product`.`category_id` = `tbl_category`.`category_id`', [], false)
 2 APPPATH\Models\ProductModel.php(54): CodeIgniter\Database\BaseBuilder->get()
 3 APPPATH\Controllers\Products.php(12): App\Models\ProductModel->getProducts()
 4 SYSTEMPATH\CodeIgniter.php(974): App\Controllers\Products->Product_page()
 5 SYSTEMPATH\CodeIgniter.php(520): CodeIgniter\CodeIgniter->runController(Object(App\Controllers\Products))
 6 SYSTEMPATH\CodeIgniter.php(363): CodeIgniter\CodeIgniter->handleRequest(null, Object(Config\Cache), false)
 7 SYSTEMPATH\Boot.php(417): CodeIgniter\CodeIgniter->run()
 8 SYSTEMPATH\Boot.php(68): CodeIgniter\Boot::runCodeIgniter(Object(CodeIgniter\CodeIgniter))
 9 FCPATH\index.php(59): CodeIgniter\Boot::bootWeb(Object(Config\Paths))
10 SYSTEMPATH\rewrite.php(44): require_once('C:\\xampp\\htdocs\\pos_system\\public\\index.php')
CRITICAL - 2026-06-13 11:30:37 --> [Caused by] CodeIgniter\Database\Exceptions\DatabaseException: Unknown column 'tbl_product.category_id' in 'on clause'
in SYSTEMPATH\Database\MySQLi\Connection.php on line 310.
 1 SYSTEMPATH\Database\BaseConnection.php(908): CodeIgniter\Database\MySQLi\Connection->execute('SELECT *
FROM `tbl_products`
LEFT JOIN `tbl_category` ON `tbl_product`.`category_id` = `tbl_category`.`category_id`')
 2 SYSTEMPATH\Database\BaseConnection.php(825): CodeIgniter\Database\BaseConnection->simpleQuery('SELECT *
FROM `tbl_products`
LEFT JOIN `tbl_category` ON `tbl_product`.`category_id` = `tbl_category`.`category_id`')
 3 SYSTEMPATH\Database\BaseBuilder.php(1647): CodeIgniter\Database\BaseConnection->query('SELECT *
FROM `tbl_products`
LEFT JOIN `tbl_category` ON `tbl_product`.`category_id` = `tbl_category`.`category_id`', [], false)
 4 APPPATH\Models\ProductModel.php(54): CodeIgniter\Database\BaseBuilder->get()
 5 APPPATH\Controllers\Products.php(12): App\Models\ProductModel->getProducts()
 6 SYSTEMPATH\CodeIgniter.php(974): App\Controllers\Products->Product_page()
 7 SYSTEMPATH\CodeIgniter.php(520): CodeIgniter\CodeIgniter->runController(Object(App\Controllers\Products))
 8 SYSTEMPATH\CodeIgniter.php(363): CodeIgniter\CodeIgniter->handleRequest(null, Object(Config\Cache), false)
 9 SYSTEMPATH\Boot.php(417): CodeIgniter\CodeIgniter->run()
10 SYSTEMPATH\Boot.php(68): CodeIgniter\Boot::runCodeIgniter(Object(CodeIgniter\CodeIgniter))
11 FCPATH\index.php(59): CodeIgniter\Boot::bootWeb(Object(Config\Paths))
12 SYSTEMPATH\rewrite.php(44): require_once('C:\\xampp\\htdocs\\pos_system\\public\\index.php')
CRITICAL - 2026-06-13 11:30:37 --> [Caused by] mysqli_sql_exception: Unknown column 'tbl_product.category_id' in 'on clause'
in SYSTEMPATH\Database\MySQLi\Connection.php on line 300.
 1 SYSTEMPATH\Database\MySQLi\Connection.php(300): mysqli->query('SELECT *
FROM `tbl_products`
LEFT JOIN `tbl_category` ON `tbl_product`.`category_id` = `tbl_category`.`category_id`', 0)
 2 SYSTEMPATH\Database\BaseConnection.php(908): CodeIgniter\Database\MySQLi\Connection->execute('SELECT *
FROM `tbl_products`
LEFT JOIN `tbl_category` ON `tbl_product`.`category_id` = `tbl_category`.`category_id`')
 3 SYSTEMPATH\Database\BaseConnection.php(825): CodeIgniter\Database\BaseConnection->simpleQuery('SELECT *
FROM `tbl_products`
LEFT JOIN `tbl_category` ON `tbl_product`.`category_id` = `tbl_category`.`category_id`')
 4 SYSTEMPATH\Database\BaseBuilder.php(1647): CodeIgniter\Database\BaseConnection->query('SELECT *
FROM `tbl_products`
LEFT JOIN `tbl_category` ON `tbl_product`.`category_id` = `tbl_category`.`category_id`', [], false)
 5 APPPATH\Models\ProductModel.php(54): CodeIgniter\Database\BaseBuilder->get()
 6 APPPATH\Controllers\Products.php(12): App\Models\ProductModel->getProducts()
 7 SYSTEMPATH\CodeIgniter.php(974): App\Controllers\Products->Product_page()
 8 SYSTEMPATH\CodeIgniter.php(520): CodeIgniter\CodeIgniter->runController(Object(App\Controllers\Products))
 9 SYSTEMPATH\CodeIgniter.php(363): CodeIgniter\CodeIgniter->handleRequest(null, Object(Config\Cache), false)
10 SYSTEMPATH\Boot.php(417): CodeIgniter\CodeIgniter->run()
11 SYSTEMPATH\Boot.php(68): CodeIgniter\Boot::runCodeIgniter(Object(CodeIgniter\CodeIgniter))
12 FCPATH\index.php(59): CodeIgniter\Boot::bootWeb(Object(Config\Paths))
13 SYSTEMPATH\rewrite.php(44): require_once('C:\\xampp\\htdocs\\pos_system\\public\\index.php')
ERROR - 2026-06-13 11:31:25 --> Unknown column 'tbl_product.category_id' in 'on clause'
in SYSTEMPATH\Database\MySQLi\Connection.php on line 300.
 1 SYSTEMPATH\Database\MySQLi\Connection.php(300): mysqli->query('SELECT *
FROM `tbl_products`
LEFT JOIN `tbl_category` ON `tbl_product`.`category_id` = `tbl_category`.`category_id`', 0)
 2 SYSTEMPATH\Database\BaseConnection.php(908): CodeIgniter\Database\MySQLi\Connection->execute('SELECT *
FROM `tbl_products`
LEFT JOIN `tbl_category` ON `tbl_product`.`category_id` = `tbl_category`.`category_id`')
 3 SYSTEMPATH\Database\BaseConnection.php(825): CodeIgniter\Database\BaseConnection->simpleQuery('SELECT *
FROM `tbl_products`
LEFT JOIN `tbl_category` ON `tbl_product`.`category_id` = `tbl_category`.`category_id`')
 4 SYSTEMPATH\Database\BaseBuilder.php(1647): CodeIgniter\Database\BaseConnection->query('SELECT *
FROM `tbl_products`
LEFT JOIN `tbl_category` ON `tbl_product`.`category_id` = `tbl_category`.`category_id`', [], false)
 5 SYSTEMPATH\Model.php(255): CodeIgniter\Database\BaseBuilder->get()
 6 SYSTEMPATH\BaseModel.php(676): CodeIgniter\Model->doFindAll(0, 0)
 7 APPPATH\Models\ProductModel.php(52): CodeIgniter\BaseModel->findAll()
 8 APPPATH\Controllers\Products.php(12): App\Models\ProductModel->getProducts()
 9 SYSTEMPATH\CodeIgniter.php(974): App\Controllers\Products->Product_page()
10 SYSTEMPATH\CodeIgniter.php(520): CodeIgniter\CodeIgniter->runController(Object(App\Controllers\Products))
11 SYSTEMPATH\CodeIgniter.php(363): CodeIgniter\CodeIgniter->handleRequest(null, Object(Config\Cache), false)
12 SYSTEMPATH\Boot.php(417): CodeIgniter\CodeIgniter->run()
13 SYSTEMPATH\Boot.php(68): CodeIgniter\Boot::runCodeIgniter(Object(CodeIgniter\CodeIgniter))
14 FCPATH\index.php(59): CodeIgniter\Boot::bootWeb(Object(Config\Paths))
15 SYSTEMPATH\rewrite.php(44): require_once('C:\\xampp\\htdocs\\pos_system\\public\\index.php')
CRITICAL - 2026-06-13 11:31:25 --> CodeIgniter\Database\Exceptions\DatabaseException: Unknown column 'tbl_product.category_id' in 'on clause'
[Method: GET, Route: admin/products]
in SYSTEMPATH\Database\BaseConnection.php on line 863.
 1 SYSTEMPATH\Database\BaseBuilder.php(1647): CodeIgniter\Database\BaseConnection->query('SELECT *
FROM `tbl_products`
LEFT JOIN `tbl_category` ON `tbl_product`.`category_id` = `tbl_category`.`category_id`', [], false)
 2 SYSTEMPATH\Model.php(255): CodeIgniter\Database\BaseBuilder->get()
 3 SYSTEMPATH\BaseModel.php(676): CodeIgniter\Model->doFindAll(0, 0)
 4 APPPATH\Models\ProductModel.php(52): CodeIgniter\BaseModel->findAll()
 5 APPPATH\Controllers\Products.php(12): App\Models\ProductModel->getProducts()
 6 SYSTEMPATH\CodeIgniter.php(974): App\Controllers\Products->Product_page()
 7 SYSTEMPATH\CodeIgniter.php(520): CodeIgniter\CodeIgniter->runController(Object(App\Controllers\Products))
 8 SYSTEMPATH\CodeIgniter.php(363): CodeIgniter\CodeIgniter->handleRequest(null, Object(Config\Cache), false)
 9 SYSTEMPATH\Boot.php(417): CodeIgniter\CodeIgniter->run()
10 SYSTEMPATH\Boot.php(68): CodeIgniter\Boot::runCodeIgniter(Object(CodeIgniter\CodeIgniter))
11 FCPATH\index.php(59): CodeIgniter\Boot::bootWeb(Object(Config\Paths))
12 SYSTEMPATH\rewrite.php(44): require_once('C:\\xampp\\htdocs\\pos_system\\public\\index.php')
CRITICAL - 2026-06-13 11:31:25 --> [Caused by] CodeIgniter\Database\Exceptions\DatabaseException: Unknown column 'tbl_product.category_id' in 'on clause'
in SYSTEMPATH\Database\MySQLi\Connection.php on line 310.
 1 SYSTEMPATH\Database\BaseConnection.php(908): CodeIgniter\Database\MySQLi\Connection->execute('SELECT *
FROM `tbl_products`
LEFT JOIN `tbl_category` ON `tbl_product`.`category_id` = `tbl_category`.`category_id`')
 2 SYSTEMPATH\Database\BaseConnection.php(825): CodeIgniter\Database\BaseConnection->simpleQuery('SELECT *
FROM `tbl_products`
LEFT JOIN `tbl_category` ON `tbl_product`.`category_id` = `tbl_category`.`category_id`')
 3 SYSTEMPATH\Database\BaseBuilder.php(1647): CodeIgniter\Database\BaseConnection->query('SELECT *
FROM `tbl_products`
LEFT JOIN `tbl_category` ON `tbl_product`.`category_id` = `tbl_category`.`category_id`', [], false)
 4 SYSTEMPATH\Model.php(255): CodeIgniter\Database\BaseBuilder->get()
 5 SYSTEMPATH\BaseModel.php(676): CodeIgniter\Model->doFindAll(0, 0)
 6 APPPATH\Models\ProductModel.php(52): CodeIgniter\BaseModel->findAll()
 7 APPPATH\Controllers\Products.php(12): App\Models\ProductModel->getProducts()
 8 SYSTEMPATH\CodeIgniter.php(974): App\Controllers\Products->Product_page()
 9 SYSTEMPATH\CodeIgniter.php(520): CodeIgniter\CodeIgniter->runController(Object(App\Controllers\Products))
10 SYSTEMPATH\CodeIgniter.php(363): CodeIgniter\CodeIgniter->handleRequest(null, Object(Config\Cache), false)
11 SYSTEMPATH\Boot.php(417): CodeIgniter\CodeIgniter->run()
12 SYSTEMPATH\Boot.php(68): CodeIgniter\Boot::runCodeIgniter(Object(CodeIgniter\CodeIgniter))
13 FCPATH\index.php(59): CodeIgniter\Boot::bootWeb(Object(Config\Paths))
14 SYSTEMPATH\rewrite.php(44): require_once('C:\\xampp\\htdocs\\pos_system\\public\\index.php')
CRITICAL - 2026-06-13 11:31:25 --> [Caused by] mysqli_sql_exception: Unknown column 'tbl_product.category_id' in 'on clause'
in SYSTEMPATH\Database\MySQLi\Connection.php on line 300.
 1 SYSTEMPATH\Database\MySQLi\Connection.php(300): mysqli->query('SELECT *
FROM `tbl_products`
LEFT JOIN `tbl_category` ON `tbl_product`.`category_id` = `tbl_category`.`category_id`', 0)
 2 SYSTEMPATH\Database\BaseConnection.php(908): CodeIgniter\Database\MySQLi\Connection->execute('SELECT *
FROM `tbl_products`
LEFT JOIN `tbl_category` ON `tbl_product`.`category_id` = `tbl_category`.`category_id`')
 3 SYSTEMPATH\Database\BaseConnection.php(825): CodeIgniter\Database\BaseConnection->simpleQuery('SELECT *
FROM `tbl_products`
LEFT JOIN `tbl_category` ON `tbl_product`.`category_id` = `tbl_category`.`category_id`')
 4 SYSTEMPATH\Database\BaseBuilder.php(1647): CodeIgniter\Database\BaseConnection->query('SELECT *
FROM `tbl_products`
LEFT JOIN `tbl_category` ON `tbl_product`.`category_id` = `tbl_category`.`category_id`', [], false)
 5 SYSTEMPATH\Model.php(255): CodeIgniter\Database\BaseBuilder->get()
 6 SYSTEMPATH\BaseModel.php(676): CodeIgniter\Model->doFindAll(0, 0)
 7 APPPATH\Models\ProductModel.php(52): CodeIgniter\BaseModel->findAll()
 8 APPPATH\Controllers\Products.php(12): App\Models\ProductModel->getProducts()
 9 SYSTEMPATH\CodeIgniter.php(974): App\Controllers\Products->Product_page()
10 SYSTEMPATH\CodeIgniter.php(520): CodeIgniter\CodeIgniter->runController(Object(App\Controllers\Products))
11 SYSTEMPATH\CodeIgniter.php(363): CodeIgniter\CodeIgniter->handleRequest(null, Object(Config\Cache), false)
12 SYSTEMPATH\Boot.php(417): CodeIgniter\CodeIgniter->run()
13 SYSTEMPATH\Boot.php(68): CodeIgniter\Boot::runCodeIgniter(Object(CodeIgniter\CodeIgniter))
14 FCPATH\index.php(59): CodeIgniter\Boot::bootWeb(Object(Config\Paths))
15 SYSTEMPATH\rewrite.php(44): require_once('C:\\xampp\\htdocs\\pos_system\\public\\index.php')
ERROR - 2026-06-13 11:31:53 --> Unknown column 'tbl_product.category_id' in 'on clause'
in SYSTEMPATH\Database\MySQLi\Connection.php on line 300.
 1 SYSTEMPATH\Database\MySQLi\Connection.php(300): mysqli->query('SELECT *
FROM `tbl_products`
LEFT JOIN `tbl_category` ON `tbl_product`.`category_id` = `tbl_category`.`category_id`', 0)
 2 SYSTEMPATH\Database\BaseConnection.php(908): CodeIgniter\Database\MySQLi\Connection->execute('SELECT *
FROM `tbl_products`
LEFT JOIN `tbl_category` ON `tbl_product`.`category_id` = `tbl_category`.`category_id`')
 3 SYSTEMPATH\Database\BaseConnection.php(825): CodeIgniter\Database\BaseConnection->simpleQuery('SELECT *
FROM `tbl_products`
LEFT JOIN `tbl_category` ON `tbl_product`.`category_id` = `tbl_category`.`category_id`')
 4 SYSTEMPATH\Database\BaseBuilder.php(1647): CodeIgniter\Database\BaseConnection->query('SELECT *
FROM `tbl_products`
LEFT JOIN `tbl_category` ON `tbl_product`.`category_id` = `tbl_category`.`category_id`', [], false)
 5 SYSTEMPATH\Model.php(255): CodeIgniter\Database\BaseBuilder->get()
 6 SYSTEMPATH\BaseModel.php(676): CodeIgniter\Model->doFindAll(0, 0)
 7 APPPATH\Models\ProductModel.php(52): CodeIgniter\BaseModel->findAll()
 8 APPPATH\Controllers\Products.php(12): App\Models\ProductModel->getProducts()
 9 SYSTEMPATH\CodeIgniter.php(974): App\Controllers\Products->Product_page()
10 SYSTEMPATH\CodeIgniter.php(520): CodeIgniter\CodeIgniter->runController(Object(App\Controllers\Products))
11 SYSTEMPATH\CodeIgniter.php(363): CodeIgniter\CodeIgniter->handleRequest(null, Object(Config\Cache), false)
12 SYSTEMPATH\Boot.php(417): CodeIgniter\CodeIgniter->run()
13 SYSTEMPATH\Boot.php(68): CodeIgniter\Boot::runCodeIgniter(Object(CodeIgniter\CodeIgniter))
14 FCPATH\index.php(59): CodeIgniter\Boot::bootWeb(Object(Config\Paths))
15 SYSTEMPATH\rewrite.php(44): require_once('C:\\xampp\\htdocs\\pos_system\\public\\index.php')
CRITICAL - 2026-06-13 11:31:53 --> CodeIgniter\Database\Exceptions\DatabaseException: Unknown column 'tbl_product.category_id' in 'on clause'
[Method: GET, Route: admin/products]
in SYSTEMPATH\Database\BaseConnection.php on line 863.
 1 SYSTEMPATH\Database\BaseBuilder.php(1647): CodeIgniter\Database\BaseConnection->query('SELECT *
FROM `tbl_products`
LEFT JOIN `tbl_category` ON `tbl_product`.`category_id` = `tbl_category`.`category_id`', [], false)
 2 SYSTEMPATH\Model.php(255): CodeIgniter\Database\BaseBuilder->get()
 3 SYSTEMPATH\BaseModel.php(676): CodeIgniter\Model->doFindAll(0, 0)
 4 APPPATH\Models\ProductModel.php(52): CodeIgniter\BaseModel->findAll()
 5 APPPATH\Controllers\Products.php(12): App\Models\ProductModel->getProducts()
 6 SYSTEMPATH\CodeIgniter.php(974): App\Controllers\Products->Product_page()
 7 SYSTEMPATH\CodeIgniter.php(520): CodeIgniter\CodeIgniter->runController(Object(App\Controllers\Products))
 8 SYSTEMPATH\CodeIgniter.php(363): CodeIgniter\CodeIgniter->handleRequest(null, Object(Config\Cache), false)
 9 SYSTEMPATH\Boot.php(417): CodeIgniter\CodeIgniter->run()
10 SYSTEMPATH\Boot.php(68): CodeIgniter\Boot::runCodeIgniter(Object(CodeIgniter\CodeIgniter))
11 FCPATH\index.php(59): CodeIgniter\Boot::bootWeb(Object(Config\Paths))
12 SYSTEMPATH\rewrite.php(44): require_once('C:\\xampp\\htdocs\\pos_system\\public\\index.php')
CRITICAL - 2026-06-13 11:31:53 --> [Caused by] CodeIgniter\Database\Exceptions\DatabaseException: Unknown column 'tbl_product.category_id' in 'on clause'
in SYSTEMPATH\Database\MySQLi\Connection.php on line 310.
 1 SYSTEMPATH\Database\BaseConnection.php(908): CodeIgniter\Database\MySQLi\Connection->execute('SELECT *
FROM `tbl_products`
LEFT JOIN `tbl_category` ON `tbl_product`.`category_id` = `tbl_category`.`category_id`')
 2 SYSTEMPATH\Database\BaseConnection.php(825): CodeIgniter\Database\BaseConnection->simpleQuery('SELECT *
FROM `tbl_products`
LEFT JOIN `tbl_category` ON `tbl_product`.`category_id` = `tbl_category`.`category_id`')
 3 SYSTEMPATH\Database\BaseBuilder.php(1647): CodeIgniter\Database\BaseConnection->query('SELECT *
FROM `tbl_products`
LEFT JOIN `tbl_category` ON `tbl_product`.`category_id` = `tbl_category`.`category_id`', [], false)
 4 SYSTEMPATH\Model.php(255): CodeIgniter\Database\BaseBuilder->get()
 5 SYSTEMPATH\BaseModel.php(676): CodeIgniter\Model->doFindAll(0, 0)
 6 APPPATH\Models\ProductModel.php(52): CodeIgniter\BaseModel->findAll()
 7 APPPATH\Controllers\Products.php(12): App\Models\ProductModel->getProducts()
 8 SYSTEMPATH\CodeIgniter.php(974): App\Controllers\Products->Product_page()
 9 SYSTEMPATH\CodeIgniter.php(520): CodeIgniter\CodeIgniter->runController(Object(App\Controllers\Products))
10 SYSTEMPATH\CodeIgniter.php(363): CodeIgniter\CodeIgniter->handleRequest(null, Object(Config\Cache), false)
11 SYSTEMPATH\Boot.php(417): CodeIgniter\CodeIgniter->run()
12 SYSTEMPATH\Boot.php(68): CodeIgniter\Boot::runCodeIgniter(Object(CodeIgniter\CodeIgniter))
13 FCPATH\index.php(59): CodeIgniter\Boot::bootWeb(Object(Config\Paths))
14 SYSTEMPATH\rewrite.php(44): require_once('C:\\xampp\\htdocs\\pos_system\\public\\index.php')
CRITICAL - 2026-06-13 11:31:53 --> [Caused by] mysqli_sql_exception: Unknown column 'tbl_product.category_id' in 'on clause'
in SYSTEMPATH\Database\MySQLi\Connection.php on line 300.
 1 SYSTEMPATH\Database\MySQLi\Connection.php(300): mysqli->query('SELECT *
FROM `tbl_products`
LEFT JOIN `tbl_category` ON `tbl_product`.`category_id` = `tbl_category`.`category_id`', 0)
 2 SYSTEMPATH\Database\BaseConnection.php(908): CodeIgniter\Database\MySQLi\Connection->execute('SELECT *
FROM `tbl_products`
LEFT JOIN `tbl_category` ON `tbl_product`.`category_id` = `tbl_category`.`category_id`')
 3 SYSTEMPATH\Database\BaseConnection.php(825): CodeIgniter\Database\BaseConnection->simpleQuery('SELECT *
FROM `tbl_products`
LEFT JOIN `tbl_category` ON `tbl_product`.`category_id` = `tbl_category`.`category_id`')
 4 SYSTEMPATH\Database\BaseBuilder.php(1647): CodeIgniter\Database\BaseConnection->query('SELECT *
FROM `tbl_products`
LEFT JOIN `tbl_category` ON `tbl_product`.`category_id` = `tbl_category`.`category_id`', [], false)
 5 SYSTEMPATH\Model.php(255): CodeIgniter\Database\BaseBuilder->get()
 6 SYSTEMPATH\BaseModel.php(676): CodeIgniter\Model->doFindAll(0, 0)
 7 APPPATH\Models\ProductModel.php(52): CodeIgniter\BaseModel->findAll()
 8 APPPATH\Controllers\Products.php(12): App\Models\ProductModel->getProducts()
 9 SYSTEMPATH\CodeIgniter.php(974): App\Controllers\Products->Product_page()
10 SYSTEMPATH\CodeIgniter.php(520): CodeIgniter\CodeIgniter->runController(Object(App\Controllers\Products))
11 SYSTEMPATH\CodeIgniter.php(363): CodeIgniter\CodeIgniter->handleRequest(null, Object(Config\Cache), false)
12 SYSTEMPATH\Boot.php(417): CodeIgniter\CodeIgniter->run()
13 SYSTEMPATH\Boot.php(68): CodeIgniter\Boot::runCodeIgniter(Object(CodeIgniter\CodeIgniter))
14 FCPATH\index.php(59): CodeIgniter\Boot::bootWeb(Object(Config\Paths))
15 SYSTEMPATH\rewrite.php(44): require_once('C:\\xampp\\htdocs\\pos_system\\public\\index.php')
ERROR - 2026-06-13 11:32:54 --> Unknown column 'tbl_product.category_id' in 'on clause'
in SYSTEMPATH\Database\MySQLi\Connection.php on line 300.
 1 SYSTEMPATH\Database\MySQLi\Connection.php(300): mysqli->query('SELECT *
FROM `tbl_products`
LEFT JOIN `tbl_category` ON `tbl_product`.`category_id` = `tbl_category`.`category_id`', 0)
 2 SYSTEMPATH\Database\BaseConnection.php(908): CodeIgniter\Database\MySQLi\Connection->execute('SELECT *
FROM `tbl_products`
LEFT JOIN `tbl_category` ON `tbl_product`.`category_id` = `tbl_category`.`category_id`')
 3 SYSTEMPATH\Database\BaseConnection.php(825): CodeIgniter\Database\BaseConnection->simpleQuery('SELECT *
FROM `tbl_products`
LEFT JOIN `tbl_category` ON `tbl_product`.`category_id` = `tbl_category`.`category_id`')
 4 SYSTEMPATH\Database\BaseBuilder.php(1647): CodeIgniter\Database\BaseConnection->query('SELECT *
FROM `tbl_products`
LEFT JOIN `tbl_category` ON `tbl_product`.`category_id` = `tbl_category`.`category_id`', [], false)
 5 APPPATH\Models\ProductModel.php(53): CodeIgniter\Database\BaseBuilder->get()
 6 APPPATH\Controllers\Products.php(12): App\Models\ProductModel->getProducts()
 7 SYSTEMPATH\CodeIgniter.php(974): App\Controllers\Products->Product_page()
 8 SYSTEMPATH\CodeIgniter.php(520): CodeIgniter\CodeIgniter->runController(Object(App\Controllers\Products))
 9 SYSTEMPATH\CodeIgniter.php(363): CodeIgniter\CodeIgniter->handleRequest(null, Object(Config\Cache), false)
10 SYSTEMPATH\Boot.php(417): CodeIgniter\CodeIgniter->run()
11 SYSTEMPATH\Boot.php(68): CodeIgniter\Boot::runCodeIgniter(Object(CodeIgniter\CodeIgniter))
12 FCPATH\index.php(59): CodeIgniter\Boot::bootWeb(Object(Config\Paths))
13 SYSTEMPATH\rewrite.php(44): require_once('C:\\xampp\\htdocs\\pos_system\\public\\index.php')
CRITICAL - 2026-06-13 11:32:54 --> CodeIgniter\Database\Exceptions\DatabaseException: Unknown column 'tbl_product.category_id' in 'on clause'
[Method: GET, Route: admin/products]
in SYSTEMPATH\Database\BaseConnection.php on line 863.
 1 SYSTEMPATH\Database\BaseBuilder.php(1647): CodeIgniter\Database\BaseConnection->query('SELECT *
FROM `tbl_products`
LEFT JOIN `tbl_category` ON `tbl_product`.`category_id` = `tbl_category`.`category_id`', [], false)
 2 APPPATH\Models\ProductModel.php(53): CodeIgniter\Database\BaseBuilder->get()
 3 APPPATH\Controllers\Products.php(12): App\Models\ProductModel->getProducts()
 4 SYSTEMPATH\CodeIgniter.php(974): App\Controllers\Products->Product_page()
 5 SYSTEMPATH\CodeIgniter.php(520): CodeIgniter\CodeIgniter->runController(Object(App\Controllers\Products))
 6 SYSTEMPATH\CodeIgniter.php(363): CodeIgniter\CodeIgniter->handleRequest(null, Object(Config\Cache), false)
 7 SYSTEMPATH\Boot.php(417): CodeIgniter\CodeIgniter->run()
 8 SYSTEMPATH\Boot.php(68): CodeIgniter\Boot::runCodeIgniter(Object(CodeIgniter\CodeIgniter))
 9 FCPATH\index.php(59): CodeIgniter\Boot::bootWeb(Object(Config\Paths))
10 SYSTEMPATH\rewrite.php(44): require_once('C:\\xampp\\htdocs\\pos_system\\public\\index.php')
CRITICAL - 2026-06-13 11:32:54 --> [Caused by] CodeIgniter\Database\Exceptions\DatabaseException: Unknown column 'tbl_product.category_id' in 'on clause'
in SYSTEMPATH\Database\MySQLi\Connection.php on line 310.
 1 SYSTEMPATH\Database\BaseConnection.php(908): CodeIgniter\Database\MySQLi\Connection->execute('SELECT *
FROM `tbl_products`
LEFT JOIN `tbl_category` ON `tbl_product`.`category_id` = `tbl_category`.`category_id`')
 2 SYSTEMPATH\Database\BaseConnection.php(825): CodeIgniter\Database\BaseConnection->simpleQuery('SELECT *
FROM `tbl_products`
LEFT JOIN `tbl_category` ON `tbl_product`.`category_id` = `tbl_category`.`category_id`')
 3 SYSTEMPATH\Database\BaseBuilder.php(1647): CodeIgniter\Database\BaseConnection->query('SELECT *
FROM `tbl_products`
LEFT JOIN `tbl_category` ON `tbl_product`.`category_id` = `tbl_category`.`category_id`', [], false)
 4 APPPATH\Models\ProductModel.php(53): CodeIgniter\Database\BaseBuilder->get()
 5 APPPATH\Controllers\Products.php(12): App\Models\ProductModel->getProducts()
 6 SYSTEMPATH\CodeIgniter.php(974): App\Controllers\Products->Product_page()
 7 SYSTEMPATH\CodeIgniter.php(520): CodeIgniter\CodeIgniter->runController(Object(App\Controllers\Products))
 8 SYSTEMPATH\CodeIgniter.php(363): CodeIgniter\CodeIgniter->handleRequest(null, Object(Config\Cache), false)
 9 SYSTEMPATH\Boot.php(417): CodeIgniter\CodeIgniter->run()
10 SYSTEMPATH\Boot.php(68): CodeIgniter\Boot::runCodeIgniter(Object(CodeIgniter\CodeIgniter))
11 FCPATH\index.php(59): CodeIgniter\Boot::bootWeb(Object(Config\Paths))
12 SYSTEMPATH\rewrite.php(44): require_once('C:\\xampp\\htdocs\\pos_system\\public\\index.php')
CRITICAL - 2026-06-13 11:32:54 --> [Caused by] mysqli_sql_exception: Unknown column 'tbl_product.category_id' in 'on clause'
in SYSTEMPATH\Database\MySQLi\Connection.php on line 300.
 1 SYSTEMPATH\Database\MySQLi\Connection.php(300): mysqli->query('SELECT *
FROM `tbl_products`
LEFT JOIN `tbl_category` ON `tbl_product`.`category_id` = `tbl_category`.`category_id`', 0)
 2 SYSTEMPATH\Database\BaseConnection.php(908): CodeIgniter\Database\MySQLi\Connection->execute('SELECT *
FROM `tbl_products`
LEFT JOIN `tbl_category` ON `tbl_product`.`category_id` = `tbl_category`.`category_id`')
 3 SYSTEMPATH\Database\BaseConnection.php(825): CodeIgniter\Database\BaseConnection->simpleQuery('SELECT *
FROM `tbl_products`
LEFT JOIN `tbl_category` ON `tbl_product`.`category_id` = `tbl_category`.`category_id`')
 4 SYSTEMPATH\Database\BaseBuilder.php(1647): CodeIgniter\Database\BaseConnection->query('SELECT *
FROM `tbl_products`
LEFT JOIN `tbl_category` ON `tbl_product`.`category_id` = `tbl_category`.`category_id`', [], false)
 5 APPPATH\Models\ProductModel.php(53): CodeIgniter\Database\BaseBuilder->get()
 6 APPPATH\Controllers\Products.php(12): App\Models\ProductModel->getProducts()
 7 SYSTEMPATH\CodeIgniter.php(974): App\Controllers\Products->Product_page()
 8 SYSTEMPATH\CodeIgniter.php(520): CodeIgniter\CodeIgniter->runController(Object(App\Controllers\Products))
 9 SYSTEMPATH\CodeIgniter.php(363): CodeIgniter\CodeIgniter->handleRequest(null, Object(Config\Cache), false)
10 SYSTEMPATH\Boot.php(417): CodeIgniter\CodeIgniter->run()
11 SYSTEMPATH\Boot.php(68): CodeIgniter\Boot::runCodeIgniter(Object(CodeIgniter\CodeIgniter))
12 FCPATH\index.php(59): CodeIgniter\Boot::bootWeb(Object(Config\Paths))
13 SYSTEMPATH\rewrite.php(44): require_once('C:\\xampp\\htdocs\\pos_system\\public\\index.php')
CRITICAL - 2026-06-13 11:54:19 --> TypeError: view(): Argument #2 ($data) must be of type array, CodeIgniter\HTTP\Response given, called in C:\xampp\htdocs\pos_system\app\Controllers\Products.php on line 14
[Method: GET, Route: admin/products]
in SYSTEMPATH\Common.php on line 1242.
 1 APPPATH\Controllers\Products.php(14): view('admin/products', Object(CodeIgniter\HTTP\Response))
 2 SYSTEMPATH\CodeIgniter.php(974): App\Controllers\Products->Product_page()
 3 SYSTEMPATH\CodeIgniter.php(520): CodeIgniter\CodeIgniter->runController(Object(App\Controllers\Products))
 4 SYSTEMPATH\CodeIgniter.php(363): CodeIgniter\CodeIgniter->handleRequest(null, Object(Config\Cache), false)
 5 SYSTEMPATH\Boot.php(417): CodeIgniter\CodeIgniter->run()
 6 SYSTEMPATH\Boot.php(68): CodeIgniter\Boot::runCodeIgniter(Object(CodeIgniter\CodeIgniter))
 7 FCPATH\index.php(59): CodeIgniter\Boot::bootWeb(Object(Config\Paths))
 8 SYSTEMPATH\rewrite.php(44): require_once('C:\\xampp\\htdocs\\pos_system\\public\\index.php')
CRITICAL - 2026-06-13 12:05:37 --> Error: Call to a member function setJSON() on array
[Method: GET, Route: admin/products]
in APPPATH\Controllers\Products.php on line 12.
 1 SYSTEMPATH\CodeIgniter.php(974): App\Controllers\Products->Product_page()
 2 SYSTEMPATH\CodeIgniter.php(520): CodeIgniter\CodeIgniter->runController(Object(App\Controllers\Products))
 3 SYSTEMPATH\CodeIgniter.php(363): CodeIgniter\CodeIgniter->handleRequest(null, Object(Config\Cache), false)
 4 SYSTEMPATH\Boot.php(417): CodeIgniter\CodeIgniter->run()
 5 SYSTEMPATH\Boot.php(68): CodeIgniter\Boot::runCodeIgniter(Object(CodeIgniter\CodeIgniter))
 6 FCPATH\index.php(59): CodeIgniter\Boot::bootWeb(Object(Config\Paths))
 7 SYSTEMPATH\rewrite.php(44): require_once('C:\\xampp\\htdocs\\pos_system\\public\\index.php')
ERROR - 2026-06-13 12:40:32 --> Error connecting to the database: mysqli_sql_exception: No connection could be made because the target machine actively refused it in C:\xampp\htdocs\pos_system\system\Database\MySQLi\Connection.php:201
Stack trace:
#0 C:\xampp\htdocs\pos_system\system\Database\MySQLi\Connection.php(201): mysqli->real_connect('localhost', 'root', Object(SensitiveParameterValue), 'pos_db', 3306, '', 0)
#1 C:\xampp\htdocs\pos_system\system\Database\BaseConnection.php(555): CodeIgniter\Database\MySQLi\Connection->connect(false)
#2 C:\xampp\htdocs\pos_system\system\Database\BaseConnection.php(795): CodeIgniter\Database\BaseConnection->initialize()
#3 C:\xampp\htdocs\pos_system\system\Database\BaseBuilder.php(1647): CodeIgniter\Database\BaseConnection->query('SELECT *\nFROM `...', Array, false)
#4 C:\xampp\htdocs\pos_system\app\Models\ProductModel.php(53): CodeIgniter\Database\BaseBuilder->get()
#5 C:\xampp\htdocs\pos_system\app\Controllers\Products.php(19): App\Models\ProductModel->getProducts()
#6 C:\xampp\htdocs\pos_system\system\CodeIgniter.php(974): App\Controllers\Products->fetchProducts()
#7 C:\xampp\htdocs\pos_system\system\CodeIgniter.php(520): CodeIgniter\CodeIgniter->runController(Object(App\Controllers\Products))
#8 C:\xampp\htdocs\pos_system\system\CodeIgniter.php(363): CodeIgniter\CodeIgniter->handleRequest(NULL, Object(Config\Cache), false)
#9 C:\xampp\htdocs\pos_system\system\Boot.php(417): CodeIgniter\CodeIgniter->run()
#10 C:\xampp\htdocs\pos_system\system\Boot.php(68): CodeIgniter\Boot::runCodeIgniter(Object(CodeIgniter\CodeIgniter))
#11 C:\xampp\htdocs\pos_system\public\index.php(59): CodeIgniter\Boot::bootWeb(Object(Config\Paths))
#12 C:\xampp\htdocs\pos_system\system\rewrite.php(44): require_once('C:\\xampp\\htdocs...')
#13 {main}

Next CodeIgniter\Database\Exceptions\DatabaseException: No connection could be made because the target machine actively refused it in C:\xampp\htdocs\pos_system\system\Database\MySQLi\Connection.php:231
Stack trace:
#0 C:\xampp\htdocs\pos_system\system\Database\BaseConnection.php(555): CodeIgniter\Database\MySQLi\Connection->connect(false)
#1 C:\xampp\htdocs\pos_system\system\Database\BaseConnection.php(795): CodeIgniter\Database\BaseConnection->initialize()
#2 C:\xampp\htdocs\pos_system\system\Database\BaseBuilder.php(1647): CodeIgniter\Database\BaseConnection->query('SELECT *\nFROM `...', Array, false)
#3 C:\xampp\htdocs\pos_system\app\Models\ProductModel.php(53): CodeIgniter\Database\BaseBuilder->get()
#4 C:\xampp\htdocs\pos_system\app\Controllers\Products.php(19): App\Models\ProductModel->getProducts()
#5 C:\xampp\htdocs\pos_system\system\CodeIgniter.php(974): App\Controllers\Products->fetchProducts()
#6 C:\xampp\htdocs\pos_system\system\CodeIgniter.php(520): CodeIgniter\CodeIgniter->runController(Object(App\Controllers\Products))
#7 C:\xampp\htdocs\pos_system\system\CodeIgniter.php(363): CodeIgniter\CodeIgniter->handleRequest(NULL, Object(Config\Cache), false)
#8 C:\xampp\htdocs\pos_system\system\Boot.php(417): CodeIgniter\CodeIgniter->run()
#9 C:\xampp\htdocs\pos_system\system\Boot.php(68): CodeIgniter\Boot::runCodeIgniter(Object(CodeIgniter\CodeIgniter))
#10 C:\xampp\htdocs\pos_system\public\index.php(59): CodeIgniter\Boot::bootWeb(Object(Config\Paths))
#11 C:\xampp\htdocs\pos_system\system\rewrite.php(44): require_once('C:\\xampp\\htdocs...')
#12 {main}
CRITICAL - 2026-06-13 12:40:32 --> CodeIgniter\Database\Exceptions\DatabaseException: Unable to connect to the database.
Main connection [MySQLi]: No connection could be made because the target machine actively refused it
[Method: GET, Route: admin/products/fetch]
in SYSTEMPATH\Database\BaseConnection.php on line 606.
 1 SYSTEMPATH\Database\BaseConnection.php(795): CodeIgniter\Database\BaseConnection->initialize()
 2 SYSTEMPATH\Database\BaseBuilder.php(1647): CodeIgniter\Database\BaseConnection->query('SELECT *
FROM `tbl_products`
LEFT JOIN `tbl_category` ON `tbl_products`.`category_id` = `tbl_category`.`category_id`', [], false)
 3 APPPATH\Models\ProductModel.php(53): CodeIgniter\Database\BaseBuilder->get()
 4 APPPATH\Controllers\Products.php(19): App\Models\ProductModel->getProducts()
 5 SYSTEMPATH\CodeIgniter.php(974): App\Controllers\Products->fetchProducts()
 6 SYSTEMPATH\CodeIgniter.php(520): CodeIgniter\CodeIgniter->runController(Object(App\Controllers\Products))
 7 SYSTEMPATH\CodeIgniter.php(363): CodeIgniter\CodeIgniter->handleRequest(null, Object(Config\Cache), false)
 8 SYSTEMPATH\Boot.php(417): CodeIgniter\CodeIgniter->run()
 9 SYSTEMPATH\Boot.php(68): CodeIgniter\Boot::runCodeIgniter(Object(CodeIgniter\CodeIgniter))
10 FCPATH\index.php(59): CodeIgniter\Boot::bootWeb(Object(Config\Paths))
11 SYSTEMPATH\rewrite.php(44): require_once('C:\\xampp\\htdocs\\pos_system\\public\\index.php')
ERROR - 2026-06-13 12:40:37 --> Error connecting to the database: mysqli_sql_exception: No connection could be made because the target machine actively refused it in C:\xampp\htdocs\pos_system\system\Database\MySQLi\Connection.php:201
Stack trace:
#0 C:\xampp\htdocs\pos_system\system\Database\MySQLi\Connection.php(201): mysqli->real_connect('localhost', 'root', Object(SensitiveParameterValue), 'pos_db', 3306, '', 0)
#1 C:\xampp\htdocs\pos_system\system\Database\BaseConnection.php(555): CodeIgniter\Database\MySQLi\Connection->connect(false)
#2 C:\xampp\htdocs\pos_system\system\Database\BaseConnection.php(795): CodeIgniter\Database\BaseConnection->initialize()
#3 C:\xampp\htdocs\pos_system\system\Database\BaseBuilder.php(1647): CodeIgniter\Database\BaseConnection->query('SELECT *\nFROM `...', Array, false)
#4 C:\xampp\htdocs\pos_system\app\Models\ProductModel.php(53): CodeIgniter\Database\BaseBuilder->get()
#5 C:\xampp\htdocs\pos_system\app\Controllers\Products.php(19): App\Models\ProductModel->getProducts()
#6 C:\xampp\htdocs\pos_system\system\CodeIgniter.php(974): App\Controllers\Products->fetchProducts()
#7 C:\xampp\htdocs\pos_system\system\CodeIgniter.php(520): CodeIgniter\CodeIgniter->runController(Object(App\Controllers\Products))
#8 C:\xampp\htdocs\pos_system\system\CodeIgniter.php(363): CodeIgniter\CodeIgniter->handleRequest(NULL, Object(Config\Cache), false)
#9 C:\xampp\htdocs\pos_system\system\Boot.php(417): CodeIgniter\CodeIgniter->run()
#10 C:\xampp\htdocs\pos_system\system\Boot.php(68): CodeIgniter\Boot::runCodeIgniter(Object(CodeIgniter\CodeIgniter))
#11 C:\xampp\htdocs\pos_system\public\index.php(59): CodeIgniter\Boot::bootWeb(Object(Config\Paths))
#12 C:\xampp\htdocs\pos_system\system\rewrite.php(44): require_once('C:\\xampp\\htdocs...')
#13 {main}

Next CodeIgniter\Database\Exceptions\DatabaseException: No connection could be made because the target machine actively refused it in C:\xampp\htdocs\pos_system\system\Database\MySQLi\Connection.php:231
Stack trace:
#0 C:\xampp\htdocs\pos_system\system\Database\BaseConnection.php(555): CodeIgniter\Database\MySQLi\Connection->connect(false)
#1 C:\xampp\htdocs\pos_system\system\Database\BaseConnection.php(795): CodeIgniter\Database\BaseConnection->initialize()
#2 C:\xampp\htdocs\pos_system\system\Database\BaseBuilder.php(1647): CodeIgniter\Database\BaseConnection->query('SELECT *\nFROM `...', Array, false)
#3 C:\xampp\htdocs\pos_system\app\Models\ProductModel.php(53): CodeIgniter\Database\BaseBuilder->get()
#4 C:\xampp\htdocs\pos_system\app\Controllers\Products.php(19): App\Models\ProductModel->getProducts()
#5 C:\xampp\htdocs\pos_system\system\CodeIgniter.php(974): App\Controllers\Products->fetchProducts()
#6 C:\xampp\htdocs\pos_system\system\CodeIgniter.php(520): CodeIgniter\CodeIgniter->runController(Object(App\Controllers\Products))
#7 C:\xampp\htdocs\pos_system\system\CodeIgniter.php(363): CodeIgniter\CodeIgniter->handleRequest(NULL, Object(Config\Cache), false)
#8 C:\xampp\htdocs\pos_system\system\Boot.php(417): CodeIgniter\CodeIgniter->run()
#9 C:\xampp\htdocs\pos_system\system\Boot.php(68): CodeIgniter\Boot::runCodeIgniter(Object(CodeIgniter\CodeIgniter))
#10 C:\xampp\htdocs\pos_system\public\index.php(59): CodeIgniter\Boot::bootWeb(Object(Config\Paths))
#11 C:\xampp\htdocs\pos_system\system\rewrite.php(44): require_once('C:\\xampp\\htdocs...')
#12 {main}
CRITICAL - 2026-06-13 12:40:37 --> CodeIgniter\Database\Exceptions\DatabaseException: Unable to connect to the database.
Main connection [MySQLi]: No connection could be made because the target machine actively refused it
[Method: GET, Route: admin/products/fetch]
in SYSTEMPATH\Database\BaseConnection.php on line 606.
 1 SYSTEMPATH\Database\BaseConnection.php(795): CodeIgniter\Database\BaseConnection->initialize()
 2 SYSTEMPATH\Database\BaseBuilder.php(1647): CodeIgniter\Database\BaseConnection->query('SELECT *
FROM `tbl_products`
LEFT JOIN `tbl_category` ON `tbl_products`.`category_id` = `tbl_category`.`category_id`', [], false)
 3 APPPATH\Models\ProductModel.php(53): CodeIgniter\Database\BaseBuilder->get()
 4 APPPATH\Controllers\Products.php(19): App\Models\ProductModel->getProducts()
 5 SYSTEMPATH\CodeIgniter.php(974): App\Controllers\Products->fetchProducts()
 6 SYSTEMPATH\CodeIgniter.php(520): CodeIgniter\CodeIgniter->runController(Object(App\Controllers\Products))
 7 SYSTEMPATH\CodeIgniter.php(363): CodeIgniter\CodeIgniter->handleRequest(null, Object(Config\Cache), false)
 8 SYSTEMPATH\Boot.php(417): CodeIgniter\CodeIgniter->run()
 9 SYSTEMPATH\Boot.php(68): CodeIgniter\Boot::runCodeIgniter(Object(CodeIgniter\CodeIgniter))
10 FCPATH\index.php(59): CodeIgniter\Boot::bootWeb(Object(Config\Paths))
11 SYSTEMPATH\rewrite.php(44): require_once('C:\\xampp\\htdocs\\pos_system\\public\\index.php')
ERROR - 2026-06-13 12:40:41 --> Error connecting to the database: mysqli_sql_exception: No connection could be made because the target machine actively refused it in C:\xampp\htdocs\pos_system\system\Database\MySQLi\Connection.php:201
Stack trace:
#0 C:\xampp\htdocs\pos_system\system\Database\MySQLi\Connection.php(201): mysqli->real_connect('localhost', 'root', Object(SensitiveParameterValue), 'pos_db', 3306, '', 0)
#1 C:\xampp\htdocs\pos_system\system\Database\BaseConnection.php(555): CodeIgniter\Database\MySQLi\Connection->connect(false)
#2 C:\xampp\htdocs\pos_system\system\Database\BaseConnection.php(795): CodeIgniter\Database\BaseConnection->initialize()
#3 C:\xampp\htdocs\pos_system\system\Database\BaseBuilder.php(1647): CodeIgniter\Database\BaseConnection->query('SELECT *\nFROM `...', Array, false)
#4 C:\xampp\htdocs\pos_system\app\Models\ProductModel.php(53): CodeIgniter\Database\BaseBuilder->get()
#5 C:\xampp\htdocs\pos_system\app\Controllers\Products.php(19): App\Models\ProductModel->getProducts()
#6 C:\xampp\htdocs\pos_system\system\CodeIgniter.php(974): App\Controllers\Products->fetchProducts()
#7 C:\xampp\htdocs\pos_system\system\CodeIgniter.php(520): CodeIgniter\CodeIgniter->runController(Object(App\Controllers\Products))
#8 C:\xampp\htdocs\pos_system\system\CodeIgniter.php(363): CodeIgniter\CodeIgniter->handleRequest(NULL, Object(Config\Cache), false)
#9 C:\xampp\htdocs\pos_system\system\Boot.php(417): CodeIgniter\CodeIgniter->run()
#10 C:\xampp\htdocs\pos_system\system\Boot.php(68): CodeIgniter\Boot::runCodeIgniter(Object(CodeIgniter\CodeIgniter))
#11 C:\xampp\htdocs\pos_system\public\index.php(59): CodeIgniter\Boot::bootWeb(Object(Config\Paths))
#12 C:\xampp\htdocs\pos_system\system\rewrite.php(44): require_once('C:\\xampp\\htdocs...')
#13 {main}

Next CodeIgniter\Database\Exceptions\DatabaseException: No connection could be made because the target machine actively refused it in C:\xampp\htdocs\pos_system\system\Database\MySQLi\Connection.php:231
Stack trace:
#0 C:\xampp\htdocs\pos_system\system\Database\BaseConnection.php(555): CodeIgniter\Database\MySQLi\Connection->connect(false)
#1 C:\xampp\htdocs\pos_system\system\Database\BaseConnection.php(795): CodeIgniter\Database\BaseConnection->initialize()
#2 C:\xampp\htdocs\pos_system\system\Database\BaseBuilder.php(1647): CodeIgniter\Database\BaseConnection->query('SELECT *\nFROM `...', Array, false)
#3 C:\xampp\htdocs\pos_system\app\Models\ProductModel.php(53): CodeIgniter\Database\BaseBuilder->get()
#4 C:\xampp\htdocs\pos_system\app\Controllers\Products.php(19): App\Models\ProductModel->getProducts()
#5 C:\xampp\htdocs\pos_system\system\CodeIgniter.php(974): App\Controllers\Products->fetchProducts()
#6 C:\xampp\htdocs\pos_system\system\CodeIgniter.php(520): CodeIgniter\CodeIgniter->runController(Object(App\Controllers\Products))
#7 C:\xampp\htdocs\pos_system\system\CodeIgniter.php(363): CodeIgniter\CodeIgniter->handleRequest(NULL, Object(Config\Cache), false)
#8 C:\xampp\htdocs\pos_system\system\Boot.php(417): CodeIgniter\CodeIgniter->run()
#9 C:\xampp\htdocs\pos_system\system\Boot.php(68): CodeIgniter\Boot::runCodeIgniter(Object(CodeIgniter\CodeIgniter))
#10 C:\xampp\htdocs\pos_system\public\index.php(59): CodeIgniter\Boot::bootWeb(Object(Config\Paths))
#11 C:\xampp\htdocs\pos_system\system\rewrite.php(44): require_once('C:\\xampp\\htdocs...')
#12 {main}
CRITICAL - 2026-06-13 12:40:41 --> CodeIgniter\Database\Exceptions\DatabaseException: Unable to connect to the database.
Main connection [MySQLi]: No connection could be made because the target machine actively refused it
[Method: GET, Route: admin/products/fetch]
in SYSTEMPATH\Database\BaseConnection.php on line 606.
 1 SYSTEMPATH\Database\BaseConnection.php(795): CodeIgniter\Database\BaseConnection->initialize()
 2 SYSTEMPATH\Database\BaseBuilder.php(1647): CodeIgniter\Database\BaseConnection->query('SELECT *
FROM `tbl_products`
LEFT JOIN `tbl_category` ON `tbl_products`.`category_id` = `tbl_category`.`category_id`', [], false)
 3 APPPATH\Models\ProductModel.php(53): CodeIgniter\Database\BaseBuilder->get()
 4 APPPATH\Controllers\Products.php(19): App\Models\ProductModel->getProducts()
 5 SYSTEMPATH\CodeIgniter.php(974): App\Controllers\Products->fetchProducts()
 6 SYSTEMPATH\CodeIgniter.php(520): CodeIgniter\CodeIgniter->runController(Object(App\Controllers\Products))
 7 SYSTEMPATH\CodeIgniter.php(363): CodeIgniter\CodeIgniter->handleRequest(null, Object(Config\Cache), false)
 8 SYSTEMPATH\Boot.php(417): CodeIgniter\CodeIgniter->run()
 9 SYSTEMPATH\Boot.php(68): CodeIgniter\Boot::runCodeIgniter(Object(CodeIgniter\CodeIgniter))
10 FCPATH\index.php(59): CodeIgniter\Boot::bootWeb(Object(Config\Paths))
11 SYSTEMPATH\rewrite.php(44): require_once('C:\\xampp\\htdocs\\pos_system\\public\\index.php')
